C:\lscc\diamond\3.10_x64\synpbase\bin64\c_hdl.exe  -osyn  C:\Users\elite\OneDrive\Escritorio\lcd02\lcd2\synwork\lcd02_lcd2_comp.srs  -top  toplcd00  -hdllog  C:\Users\elite\OneDrive\Escritorio\lcd02\lcd2\synlog\lcd02_lcd2_compiler.srr  -encrypt  -mp  4  -verification_mode 0  -vhdl  -prodtype  synplify_pro  -dspmac -fixsmult -infer_seqShift -nram -sdff_counter -divnmod -nostructver  -encrypt  -pro  -dmgen  C:\Users\elite\OneDrive\Escritorio\lcd02\lcd2\dm  -lite -ui -fid2 -ram -sharing on -ll 2000 -autosm  -ignore_undefined_lib  -lib work C:\lscc\diamond\3.10_x64\cae_library\synthesis\vhdl\machxo2.vhd -lib work C:\Users\elite\OneDrive\Escritorio\lcd02\osc00.vhd -lib work C:\Users\elite\OneDrive\Escritorio\lcd02\div00.vhd -lib work C:\Users\elite\OneDrive\Escritorio\lcd02\packageosc00.vhd -lib work C:\Users\elite\OneDrive\Escritorio\lcd02\lcdcontconfig00.vhd -lib work C:\Users\elite\OneDrive\Escritorio\lcd02\lcdconfig00.vhd -lib work C:\Users\elite\OneDrive\Escritorio\lcd02\lcdmux00.vhd -lib work C:\Users\elite\OneDrive\Escritorio\lcd02\packagelcd00.vhd -lib work C:\Users\elite\OneDrive\Escritorio\lcd02\contring00.vhd -lib work C:\Users\elite\OneDrive\Escritorio\lcd02\coder00.vhd -lib work C:\Users\elite\OneDrive\Escritorio\lcd02\packagekey00.vhd -lib work C:\Users\elite\OneDrive\Escritorio\lcd02\toposc00.vhd -lib work C:\Users\elite\OneDrive\Escritorio\lcd02\topkey00.vhd -lib work C:\Users\elite\OneDrive\Escritorio\lcd02\toplcd00.vhd  -jobname  "compiler" 
relcom:..\..\..\..\..\..\..\lscc\diamond\3.10_x64\synpbase\bin64\c_hdl.exe -osyn ..\synwork\lcd02_lcd2_comp.srs -top toplcd00 -hdllog ..\synlog\lcd02_lcd2_compiler.srr -encrypt -mp 4 -verification_mode 0 -vhdl -prodtype synplify_pro -dspmac -fixsmult -infer_seqShift -nram -sdff_counter -divnmod -nostructver -encrypt -pro -dmgen ..\dm -lite -ui -fid2 -ram -sharing on -ll 2000 -autosm -ignore_undefined_lib -lib work ..\..\..\..\..\..\..\lscc\diamond\3.10_x64\cae_library\synthesis\vhdl\machxo2.vhd -lib work ..\..\osc00.vhd -lib work ..\..\div00.vhd -lib work ..\..\packageosc00.vhd -lib work ..\..\lcdcontconfig00.vhd -lib work ..\..\lcdconfig00.vhd -lib work ..\..\lcdmux00.vhd -lib work ..\..\packagelcd00.vhd -lib work ..\..\contring00.vhd -lib work ..\..\coder00.vhd -lib work ..\..\packagekey00.vhd -lib work ..\..\toposc00.vhd -lib work ..\..\topkey00.vhd -lib work ..\..\toplcd00.vhd -jobname "compiler"
rc:0 success:1 runtime:4
file:..\synwork\lcd02_lcd2_comp.srs|io:o|time:1556811901|size:17017|exec:0|csum:
file:..\synlog\lcd02_lcd2_compiler.srr|io:o|time:1556811901|size:9044|exec:0|csum:
file:..\..\..\..\..\..\..\lscc\diamond\3.10_x64\cae_library\synthesis\vhdl\machxo2.vhd|io:i|time:1493331104|size:73964|exec:0|csum:CFF92E93E4FE354031DBB4E0E47DD4A6
file:..\..\osc00.vhd|io:i|time:1556798971|size:527|exec:0|csum:C5A43911DCA0235D1BC6CAD2C60254BE
file:..\..\div00.vhd|io:i|time:1556798970|size:2376|exec:0|csum:BA2E51FA0102B035B81EB2F3F8A025CD
file:..\..\packageosc00.vhd|io:i|time:1556798971|size:404|exec:0|csum:6220FD86C7CB8EB75324AE70C80EFE55
file:..\..\lcdcontconfig00.vhd|io:i|time:1556798971|size:875|exec:0|csum:443A62ABA9F648E068C0A743C258089B
file:..\..\lcdconfig00.vhd|io:i|time:1556798971|size:4235|exec:0|csum:A6ECEEC9241956CF7633311909611EB6
file:..\..\lcdmux00.vhd|io:i|time:1556798971|size:1893|exec:0|csum:14DF3CE0C3A1309AE772F3F77A3B19A2
file:..\..\packagelcd00.vhd|io:i|time:1556798971|size:1711|exec:0|csum:9BDC4D80344B5A7999097A3B473F91FB
file:..\..\contring00.vhd|io:i|time:1556798970|size:756|exec:0|csum:3F8200010D123ADB0F44C2EBB05C7BA5
file:..\..\coder00.vhd|io:i|time:1556811887|size:4717|exec:0|csum:6F9A06D9470B98AC61D7DCA5C4B6F532
file:..\..\packagekey00.vhd|io:i|time:1556798971|size:604|exec:0|csum:0643A16FD2463238F545C4EB6EA4B93B
file:..\..\toposc00.vhd|io:i|time:1556798971|size:498|exec:0|csum:691893E8CDA51920EE4F943608A91F6E
file:..\..\topkey00.vhd|io:i|time:1556798971|size:841|exec:0|csum:2174BEAA78CFDB221B4B6032AAE1E4AF
file:..\..\toplcd00.vhd|io:i|time:1556798971|size:2092|exec:0|csum:D533E475B7AD207380EB792B6C0D887D
file:..\..\..\..\..\..\..\lscc\diamond\3.10_x64\synpbase\bin64\c_hdl.exe|io:i|time:1501913558|size:5526016|exec:1|csum:B0FC75282263C9BC65A760D01C67ECBA
