
synpwrap -msg -prj "lcd04_lcd4_synplify.tcl" -log "lcd04_lcd4.srf"
Copyright (C) 1992-2017 Lattice Semiconductor Corporation. All rights reserved.
Lattice Diamond Version 3.10.0.111.2
    <postMsg mid="2011000" type="Info"    dynamic="0" navigation="0"  />

==contents of lcd04_lcd4.srf
#Build: Synplify Pro (R) M-2017.03L-SP1-1, Build 086R, Aug  4 2017
#install: C:\lscc\diamond\3.10_x64\synpbase
#OS: Windows 8 6.2
#Hostname: LAPTOP-9QN1JB0J

# Tue May  7 04:06:32 2019

#Implementation: lcd4

Synopsys HDL Compiler, version comp2017q2p1, Build 190R, built Aug  4 2017
@N|Running in 64-bit mode
Copyright (C) 1994-2017 Synopsys, Inc. This Synopsys software and all associated documentation are proprietary to Synopsys, Inc. and may only be used pursuant to the terms and conditions of a written license agreement with Synopsys, Inc. All other use, reproduction, modification, or distribution of the Synopsys software or the associated documentation is strictly prohibited.

Synopsys VHDL Compiler, version comp2017q2p1, Build 190R, built Aug  4 2017
@N|Running in 64-bit mode
Copyright (C) 1994-2017 Synopsys, Inc. This Synopsys software and all associated documentation are proprietary to Synopsys, Inc. and may only be used pursuant to the terms and conditions of a written license agreement with Synopsys, Inc. All other use, reproduction, modification, or distribution of the Synopsys software or the associated documentation is strictly prohibited.

@N: CD720 :"C:\lscc\diamond\3.10_x64\synpbase\lib\vhd\std.vhd":123:18:123:21|Setting time resolution to ps
@N:"C:\Users\elite\OneDrive\Escritorio\lcd04\topram00.vhd":9:7:9:14|Top entity is set to topram00.
File C:\lscc\diamond\3.10_x64\synpbase\lib\cpld\lattice.vhd changed - recompiling
File C:\lscc\diamond\3.10_x64\synpbase\lib\lucent\machxo2.vhd changed - recompiling
File C:\Users\elite\OneDrive\Escritorio\lcd04\osc00.vhd changed - recompiling
File C:\Users\elite\OneDrive\Escritorio\lcd04\packageosc00.vhd changed - recompiling
File C:\Users\elite\OneDrive\Escritorio\lcd04\contring00.vhd changed - recompiling
File C:\Users\elite\OneDrive\Escritorio\lcd04\coderk00.vhd changed - recompiling
File C:\Users\elite\OneDrive\Escritorio\lcd04\packagekey00.vhd changed - recompiling
File C:\Users\elite\OneDrive\Escritorio\lcd04\lcdconfig00.vhd changed - recompiling
File C:\Users\elite\OneDrive\Escritorio\lcd04\lcdcontconfig0.vhd changed - recompiling
File C:\Users\elite\OneDrive\Escritorio\lcd04\lcdmux00.vhd changed - recompiling
File C:\Users\elite\OneDrive\Escritorio\lcd04\lcdContData00.vhd changed - recompiling
File C:\Users\elite\OneDrive\Escritorio\lcd04\lcdData00.vhd changed - recompiling
File C:\Users\elite\OneDrive\Escritorio\lcd04\packagelcd00.vhd changed - recompiling
File C:\Users\elite\OneDrive\Escritorio\lcd04\muxram00.vhd changed - recompiling
File C:\Users\elite\OneDrive\Escritorio\lcd04\ram00.vhd changed - recompiling
File C:\Users\elite\OneDrive\Escritorio\lcd04\contRead00.vhd changed - recompiling
File C:\Users\elite\OneDrive\Escritorio\lcd04\packageram00.vhd changed - recompiling
File C:\Users\elite\OneDrive\Escritorio\lcd04\toposc00.vhd changed - recompiling
File C:\Users\elite\OneDrive\Escritorio\lcd04\topkey00.vhd changed - recompiling
File C:\Users\elite\OneDrive\Escritorio\lcd04\toplcd00.vhd changed - recompiling
File C:\Users\elite\OneDrive\Escritorio\lcd04\topram00.vhd changed - recompiling
VHDL syntax check successful!
File C:\Users\elite\OneDrive\Escritorio\lcd04\lcdconfig00.vhd changed - recompiling
@N: CD630 :"C:\Users\elite\OneDrive\Escritorio\lcd04\topram00.vhd":9:7:9:14|Synthesizing work.topram00.topram0.
@N: CD630 :"C:\Users\elite\OneDrive\Escritorio\lcd04\ram00.vhd":11:7:11:11|Synthesizing work.ram00.ram0.
Post processing for work.ram00.ram0
@N: CL134 :"C:\Users\elite\OneDrive\Escritorio\lcd04\ram00.vhd":24:7:24:13|Found RAM wordram, depth=32, width=8
@N: CD630 :"C:\Users\elite\OneDrive\Escritorio\lcd04\toplcd00.vhd":12:7:12:14|Synthesizing work.toplcd00.toplcd0.
@N: CD630 :"C:\Users\elite\OneDrive\Escritorio\lcd04\lcdmux00.vhd":8:7:8:14|Synthesizing work.lcdmux00.lcdmux0.
Post processing for work.lcdmux00.lcdmux0
@N: CD630 :"C:\Users\elite\OneDrive\Escritorio\lcd04\lcdData00.vhd":10:7:10:15|Synthesizing work.lcddata00.lcddata0.
Post processing for work.lcddata00.lcddata0
@N: CD630 :"C:\Users\elite\OneDrive\Escritorio\lcd04\lcdContData00.vhd":10:7:10:19|Synthesizing work.lcdcontdata00.lcdcontdata0.
@N: CD364 :"C:\Users\elite\OneDrive\Escritorio\lcd04\lcdContData00.vhd":42:9:42:17|Removing redundant assignment.
Post processing for work.lcdcontdata00.lcdcontdata0
@N: CD630 :"C:\Users\elite\OneDrive\Escritorio\lcd04\lcdconfig00.vhd":10:7:10:17|Synthesizing work.lcdconfig00.lcdconfig0.
Post processing for work.lcdconfig00.lcdconfig0
@N: CD630 :"C:\Users\elite\OneDrive\Escritorio\lcd04\lcdcontconfig0.vhd":10:7:10:21|Synthesizing work.lcdcontconfig00.lcdcontconfig0.
@N: CD364 :"C:\Users\elite\OneDrive\Escritorio\lcd04\lcdcontconfig0.vhd":34:3:34:11|Removing redundant assignment.
Post processing for work.lcdcontconfig00.lcdcontconfig0
Post processing for work.toplcd00.toplcd0
@N: CD630 :"C:\Users\elite\OneDrive\Escritorio\lcd04\contRead00.vhd":10:7:10:16|Synthesizing work.contread00.contread0.
@N: CD364 :"C:\Users\elite\OneDrive\Escritorio\lcd04\contRead00.vhd":29:6:29:16|Removing redundant assignment.
Post processing for work.contread00.contread0
@N: CD630 :"C:\Users\elite\OneDrive\Escritorio\lcd04\muxram00.vhd":8:7:8:14|Synthesizing work.muxram00.muxram0.
Post processing for work.muxram00.muxram0
@N: CD630 :"C:\Users\elite\OneDrive\Escritorio\lcd04\topkey00.vhd":9:7:9:14|Synthesizing work.topkey00.topkey0.
@N: CD630 :"C:\Users\elite\OneDrive\Escritorio\lcd04\coderk00.vhd":10:7:10:14|Synthesizing work.coderk00.coderk0.
@N: CD364 :"C:\Users\elite\OneDrive\Escritorio\lcd04\coderk00.vhd":36:7:36:14|Removing redundant assignment.
@N: CD364 :"C:\Users\elite\OneDrive\Escritorio\lcd04\coderk00.vhd":67:7:67:14|Removing redundant assignment.
@N: CD364 :"C:\Users\elite\OneDrive\Escritorio\lcd04\coderk00.vhd":98:7:98:14|Removing redundant assignment.
@N: CD364 :"C:\Users\elite\OneDrive\Escritorio\lcd04\coderk00.vhd":129:7:129:14|Removing redundant assignment.
Post processing for work.coderk00.coderk0
@N: CD630 :"C:\Users\elite\OneDrive\Escritorio\lcd04\contring00.vhd":8:7:8:16|Synthesizing work.contring00.contring0.
Post processing for work.contring00.contring0
@W: CL279 :"C:\Users\elite\OneDrive\Escritorio\lcd04\contring00.vhd":20:2:20:3|Pruning register bits 2 to 0 of soutr(3 downto 0). If this is not the intended behavior, drive the inputs with valid values, or inputs from the top level.
Post processing for work.topkey00.topkey0
@N: CD630 :"C:\Users\elite\OneDrive\Escritorio\lcd04\toposc00.vhd":9:7:9:14|Synthesizing work.toposc00.toposc0.
@N: CD630 :"C:\Users\elite\OneDrive\Escritorio\lcd04\div00.vhd":10:7:10:11|Synthesizing work.div00.div0.
Post processing for work.div00.div0
@N: CD630 :"C:\Users\elite\OneDrive\Escritorio\lcd04\osc00.vhd":8:7:8:11|Synthesizing work.osc00.osc0.
@W: CD276 :"C:\lscc\diamond\3.10_x64\cae_library\synthesis\vhdl\machxo2.vhd":2297:8:2297:15|Map for port sedstdby of component osch not found
@N: CD630 :"C:\lscc\diamond\3.10_x64\cae_library\synthesis\vhdl\machxo2.vhd":2291:10:2291:13|Synthesizing work.osch.syn_black_box.
Post processing for work.osch.syn_black_box
Post processing for work.osc00.osc0
Post processing for work.toposc00.toposc0
Post processing for work.topram00.topram0
@N: CL189 :"C:\Users\elite\OneDrive\Escritorio\lcd04\lcdconfig00.vhd":27:4:27:5|Register bit RSc is always 0.
@N: CL189 :"C:\Users\elite\OneDrive\Escritorio\lcd04\lcdconfig00.vhd":27:4:27:5|Register bit RWc is always 0.
@W: CL260 :"C:\Users\elite\OneDrive\Escritorio\lcd04\lcdconfig00.vhd":27:4:27:5|Pruning register bit 7 of outWordc(7 downto 0). If this is not the intended behavior, drive the input with valid values, or an input from the top level.
@N: CL189 :"C:\Users\elite\OneDrive\Escritorio\lcd04\lcdContData00.vhd":27:4:27:5|Register bit RScd is always 1.
@N: CL189 :"C:\Users\elite\OneDrive\Escritorio\lcd04\lcdContData00.vhd":27:4:27:5|Register bit RWcd is always 0.
@N: CL159 :"C:\Users\elite\OneDrive\Escritorio\lcd04\lcdData00.vhd":16:4:16:11|Input incontdd is unused.

At c_vhdl Exit (Real Time elapsed 0h:00m:01s; CPU Time elapsed 0h:00m:00s; Memory used current: 78MB peak: 81MB)

Process took 0h:00m:01s realtime, 0h:00m:01s cputime

Process completed successfully.
# Tue May  7 04:06:34 2019

###########################################################]
Synopsys Netlist Linker, version comp2017q2p1, Build 190R, built Aug  4 2017
@N|Running in 64-bit mode
File C:\Users\elite\OneDrive\Escritorio\lcd04\lcd4\synwork\layer0.srs changed - recompiling

At syn_nfilter Exit (Real Time elapsed 0h:00m:00s; CPU Time elapsed 0h:00m:00s; Memory used current: 67MB peak: 68MB)

Process took 0h:00m:01s realtime, 0h:00m:01s cputime

Process completed successfully.
# Tue May  7 04:06:34 2019

###########################################################]
@END

At c_hdl Exit (Real Time elapsed 0h:00m:01s; CPU Time elapsed 0h:00m:00s; Memory used current: 3MB peak: 4MB)

Process took 0h:00m:01s realtime, 0h:00m:01s cputime

Process completed successfully.
# Tue May  7 04:06:34 2019

###########################################################]
Synopsys Netlist Linker, version comp2017q2p1, Build 190R, built Aug  4 2017
@N|Running in 64-bit mode
File C:\Users\elite\OneDrive\Escritorio\lcd04\lcd4\synwork\lcd04_lcd4_comp.srs changed - recompiling

At syn_nfilter Exit (Real Time elapsed 0h:00m:00s; CPU Time elapsed 0h:00m:00s; Memory used current: 68MB peak: 69MB)

Process took 0h:00m:01s realtime, 0h:00m:01s cputime

Process completed successfully.
# Tue May  7 04:06:36 2019

###########################################################]
Pre-mapping Report

# Tue May  7 04:06:36 2019

Synopsys Lattice Technology Pre-mapping, Version maplat, Build 1796R, Built Aug  4 2017 11:10:16
Copyright (C) 1994-2017 Synopsys, Inc. This Synopsys software and all associated documentation are proprietary to Synopsys, Inc. and may only be used pursuant to the terms and conditions of a written license agreement with Synopsys, Inc. All other use, reproduction, modification, or distribution of the Synopsys software or the associated documentation is strictly prohibited.
Product Version M-2017.03L-SP1-1

Mapper Startup Complete (Real Time elapsed 0h:00m:00s; CPU Time elapsed 0h:00m:00s; Memory used current: 99MB peak: 99MB)

@A: MF827 |No constraint file specified.
@L: C:\Users\elite\OneDrive\Escritorio\lcd04\lcd4\lcd04_lcd4_scck.rpt 
Printing clock  summary report in "C:\Users\elite\OneDrive\Escritorio\lcd04\lcd4\lcd04_lcd4_scck.rpt" file 
@N: MF248 |Running in 64-bit mode.
@N: MF666 |Clock conversion enabled. (Command "set_option -fix_gated_and_generated_clocks 1" in the project file.)

Design Input Complete (Real Time elapsed 0h:00m:00s; CPU Time elapsed 0h:00m:00s; Memory used current: 100MB peak: 102MB)


Mapper Initialization Complete (Real Time elapsed 0h:00m:00s; CPU Time elapsed 0h:00m:00s; Memory used current: 100MB peak: 102MB)


Start loading timing files (Real Time elapsed 0h:00m:00s; CPU Time elapsed 0h:00m:00s; Memory used current: 112MB peak: 112MB)


Finished loading timing files (Real Time elapsed 0h:00m:00s; CPU Time elapsed 0h:00m:00s; Memory used current: 112MB peak: 114MB)

@W: FX474 |User-specified initial value defined for some sequential elements which can prevent optimum synthesis results from being achieved. 
ICG Latch Removal Summary:
Number of ICG latches removed:	0
Number of ICG latches not removed:	0
syn_allowed_resources : blockrams=26  set on top level netlist topram00

Finished netlist restructuring (Real Time elapsed 0h:00m:00s; CPU Time elapsed 0h:00m:00s; Memory used current: 140MB peak: 142MB)



Clock Summary
******************

          Start                            Requested     Requested     Clock                                           Clock                   Clock
Level     Clock                            Frequency     Period        Type                                            Group                   Load 
----------------------------------------------------------------------------------------------------------------------------------------------------
0 -       osc00|osc_int_inferred_clock     2.1 MHz       480.769       inferred                                        Inferred_clkgroup_0     22   
1 .         div00|outdiv_derived_clock     2.1 MHz       480.769       derived (from osc00|osc_int_inferred_clock)     Inferred_clkgroup_0     93   
====================================================================================================================================================

@W: MT529 :"c:\users\elite\onedrive\escritorio\lcd04\div00.vhd":22:3:22:4|Found inferred clock osc00|osc_int_inferred_clock which controls 22 sequential elements including R00.o001.sdiv[20:0]. This clock has no specified timing constraint which may prevent conversion of gated or generated clocks and may adversely impact design performance. 

Finished Pre Mapping Phase.

Starting constraint checker (Real Time elapsed 0h:00m:01s; CPU Time elapsed 0h:00m:00s; Memory used current: 140MB peak: 142MB)


Finished constraint checker preprocessing (Real Time elapsed 0h:00m:01s; CPU Time elapsed 0h:00m:00s; Memory used current: 140MB peak: 142MB)

None
None

Finished constraint checker (Real Time elapsed 0h:00m:01s; CPU Time elapsed 0h:00m:00s; Memory used current: 140MB peak: 142MB)

Pre-mapping successful!

At Mapper Exit (Real Time elapsed 0h:00m:01s; CPU Time elapsed 0h:00m:00s; Memory used current: 55MB peak: 142MB)

Process took 0h:00m:01s realtime, 0h:00m:01s cputime
# Tue May  7 04:06:38 2019

###########################################################]
Map & Optimize Report

# Tue May  7 04:06:38 2019

Synopsys Lattice Technology Mapper, Version maplat, Build 1796R, Built Aug  4 2017 11:10:16
Copyright (C) 1994-2017 Synopsys, Inc. This Synopsys software and all associated documentation are proprietary to Synopsys, Inc. and may only be used pursuant to the terms and conditions of a written license agreement with Synopsys, Inc. All other use, reproduction, modification, or distribution of the Synopsys software or the associated documentation is strictly prohibited.
Product Version M-2017.03L-SP1-1

Mapper Startup Complete (Real Time elapsed 0h:00m:00s; CPU Time elapsed 0h:00m:00s; Memory used current: 99MB peak: 99MB)

@N: MF248 |Running in 64-bit mode.
@N: MF666 |Clock conversion enabled. (Command "set_option -fix_gated_and_generated_clocks 1" in the project file.)

Design Input Complete (Real Time elapsed 0h:00m:00s; CPU Time elapsed 0h:00m:00s; Memory used current: 98MB peak: 100MB)


Mapper Initialization Complete (Real Time elapsed 0h:00m:00s; CPU Time elapsed 0h:00m:00s; Memory used current: 98MB peak: 100MB)


Start loading timing files (Real Time elapsed 0h:00m:00s; CPU Time elapsed 0h:00m:00s; Memory used current: 111MB peak: 112MB)


Finished loading timing files (Real Time elapsed 0h:00m:00s; CPU Time elapsed 0h:00m:00s; Memory used current: 111MB peak: 114MB)



Starting Optimization and Mapping (Real Time elapsed 0h:00m:00s; CPU Time elapsed 0h:00m:00s; Memory used current: 139MB peak: 142MB)


Available hyper_sources - for debug and ip models
	None Found


Finished RTL optimizations (Real Time elapsed 0h:00m:00s; CPU Time elapsed 0h:00m:00s; Memory used current: 139MB peak: 142MB)

@N: MO231 :"c:\users\elite\onedrive\escritorio\lcd04\contread00.vhd":21:2:21:3|Found counter in view:work.topram00(topram0) instance R04.outcontRead[4:0] 

Starting factoring (Real Time elapsed 0h:00m:00s; CPU Time elapsed 0h:00m:00s; Memory used current: 140MB peak: 142MB)


Finished factoring (Real Time elapsed 0h:00m:00s; CPU Time elapsed 0h:00m:00s; Memory used current: 142MB peak: 142MB)


Starting gated-clock and generated-clock conversion (Real Time elapsed 0h:00m:00s; CPU Time elapsed 0h:00m:00s; Memory used current: 141MB peak: 142MB)


Finished gated-clock and generated-clock conversion (Real Time elapsed 0h:00m:00s; CPU Time elapsed 0h:00m:00s; Memory used current: 141MB peak: 142MB)


Finished generic timing optimizations - Pass 1 (Real Time elapsed 0h:00m:01s; CPU Time elapsed 0h:00m:00s; Memory used current: 143MB peak: 144MB)


Starting Early Timing Optimization (Real Time elapsed 0h:00m:01s; CPU Time elapsed 0h:00m:00s; Memory used current: 143MB peak: 144MB)


Finished Early Timing Optimization (Real Time elapsed 0h:00m:01s; CPU Time elapsed 0h:00m:01s; Memory used current: 143MB peak: 144MB)


Finished generic timing optimizations - Pass 2 (Real Time elapsed 0h:00m:01s; CPU Time elapsed 0h:00m:01s; Memory used current: 143MB peak: 144MB)


Finished preparing to map (Real Time elapsed 0h:00m:01s; CPU Time elapsed 0h:00m:01s; Memory used current: 143MB peak: 144MB)


Finished technology mapping (Real Time elapsed 0h:00m:01s; CPU Time elapsed 0h:00m:01s; Memory used current: 146MB peak: 148MB)

Pass		 CPU time		Worst Slack		Luts / Registers
------------------------------------------------------------
   1		0h:00m:01s		   467.43ns		 129 /       107

Finished technology timing optimizations and critical path resynthesis (Real Time elapsed 0h:00m:01s; CPU Time elapsed 0h:00m:01s; Memory used current: 146MB peak: 148MB)

@N: FX164 |The option to pack registers in the IOB has not been specified. Please set syn_useioff attribute.  
@N: FO126 :"c:\users\elite\onedrive\escritorio\lcd04\ram00.vhd":24:7:24:13|Generating RAM R07.wordram[7:0]
@A: BN291 :"c:\users\elite\onedrive\escritorio\lcd04\lcdcontconfig0.vhd":23:4:23:5|Boundary register R05.U01.outcontcc_4_.fb (in view: work.topram00(topram0)) is packed into a complex cell. To disable register packing, set syn_keep=1 on the net between the register and the complex cell. 
@A: BN291 :"c:\users\elite\onedrive\escritorio\lcd04\lcdcontconfig0.vhd":23:4:23:5|Boundary register R05.U01.outcontcc_3_.fb (in view: work.topram00(topram0)) is packed into a complex cell. To disable register packing, set syn_keep=1 on the net between the register and the complex cell. 
@A: BN291 :"c:\users\elite\onedrive\escritorio\lcd04\lcdcontconfig0.vhd":23:4:23:5|Boundary register R05.U01.outcontcc_2_.fb (in view: work.topram00(topram0)) is packed into a complex cell. To disable register packing, set syn_keep=1 on the net between the register and the complex cell. 
@A: BN291 :"c:\users\elite\onedrive\escritorio\lcd04\lcdcontconfig0.vhd":23:4:23:5|Boundary register R05.U01.outcontcc_1_.fb (in view: work.topram00(topram0)) is packed into a complex cell. To disable register packing, set syn_keep=1 on the net between the register and the complex cell. 
@A: BN291 :"c:\users\elite\onedrive\escritorio\lcd04\lcdcontconfig0.vhd":23:4:23:5|Boundary register R05.U01.outcontcc_0_.fb (in view: work.topram00(topram0)) is packed into a complex cell. To disable register packing, set syn_keep=1 on the net between the register and the complex cell. 
@A: BN291 :"c:\users\elite\onedrive\escritorio\lcd04\lcdcontdata00.vhd":27:4:27:5|Boundary register R05.U03.outFlagcd.fb (in view: work.topram00(topram0)) is packed into a complex cell. To disable register packing, set syn_keep=1 on the net between the register and the complex cell. 
@A: BN291 :"c:\users\elite\onedrive\escritorio\lcd04\lcdcontdata00.vhd":27:4:27:5|Boundary register R05.U03.outcontcd_5_.fb (in view: work.topram00(topram0)) is packed into a complex cell. To disable register packing, set syn_keep=1 on the net between the register and the complex cell. 
@A: BN291 :"c:\users\elite\onedrive\escritorio\lcd04\lcdcontdata00.vhd":27:4:27:5|Boundary register R05.U03.outcontcd_4_.fb (in view: work.topram00(topram0)) is packed into a complex cell. To disable register packing, set syn_keep=1 on the net between the register and the complex cell. 
@A: BN291 :"c:\users\elite\onedrive\escritorio\lcd04\lcdcontdata00.vhd":27:4:27:5|Boundary register R05.U03.outcontcd_3_.fb (in view: work.topram00(topram0)) is packed into a complex cell. To disable register packing, set syn_keep=1 on the net between the register and the complex cell. 
@A: BN291 :"c:\users\elite\onedrive\escritorio\lcd04\lcdcontdata00.vhd":27:4:27:5|Boundary register R05.U03.outcontcd_2_.fb (in view: work.topram00(topram0)) is packed into a complex cell. To disable register packing, set syn_keep=1 on the net between the register and the complex cell. 
@A: BN291 :"c:\users\elite\onedrive\escritorio\lcd04\lcdcontdata00.vhd":27:4:27:5|Boundary register R05.U03.outcontcd_1_.fb (in view: work.topram00(topram0)) is packed into a complex cell. To disable register packing, set syn_keep=1 on the net between the register and the complex cell. 
@A: BN291 :"c:\users\elite\onedrive\escritorio\lcd04\lcdcontdata00.vhd":27:4:27:5|Boundary register R05.U03.outcontcd_0_.fb (in view: work.topram00(topram0)) is packed into a complex cell. To disable register packing, set syn_keep=1 on the net between the register and the complex cell. 
@A: BN291 :"c:\users\elite\onedrive\escritorio\lcd04\lcdmux00.vhd":31:4:31:5|Boundary register R05.U05.ENm.fb (in view: work.topram00(topram0)) is packed into a complex cell. To disable register packing, set syn_keep=1 on the net between the register and the complex cell. 
@A: BN291 :"c:\users\elite\onedrive\escritorio\lcd04\lcdmux00.vhd":31:4:31:5|Boundary register R05.U05.RSm.fb (in view: work.topram00(topram0)) is packed into a complex cell. To disable register packing, set syn_keep=1 on the net between the register and the complex cell. 
@A: BN291 :"c:\users\elite\onedrive\escritorio\lcd04\lcdmux00.vhd":31:4:31:5|Boundary register R05.U05.outWordm_7_.fb (in view: work.topram00(topram0)) is packed into a complex cell. To disable register packing, set syn_keep=1 on the net between the register and the complex cell. 
@A: BN291 :"c:\users\elite\onedrive\escritorio\lcd04\lcdmux00.vhd":31:4:31:5|Boundary register R05.U05.outWordm_6_.fb (in view: work.topram00(topram0)) is packed into a complex cell. To disable register packing, set syn_keep=1 on the net between the register and the complex cell. 
@A: BN291 :"c:\users\elite\onedrive\escritorio\lcd04\lcdmux00.vhd":31:4:31:5|Boundary register R05.U05.outWordm_5_.fb (in view: work.topram00(topram0)) is packed into a complex cell. To disable register packing, set syn_keep=1 on the net between the register and the complex cell. 
@A: BN291 :"c:\users\elite\onedrive\escritorio\lcd04\lcdmux00.vhd":31:4:31:5|Boundary register R05.U05.outWordm_4_.fb (in view: work.topram00(topram0)) is packed into a complex cell. To disable register packing, set syn_keep=1 on the net between the register and the complex cell. 
@A: BN291 :"c:\users\elite\onedrive\escritorio\lcd04\lcdmux00.vhd":31:4:31:5|Boundary register R05.U05.outWordm_3_.fb (in view: work.topram00(topram0)) is packed into a complex cell. To disable register packing, set syn_keep=1 on the net between the register and the complex cell. 
@A: BN291 :"c:\users\elite\onedrive\escritorio\lcd04\lcdmux00.vhd":31:4:31:5|Boundary register R05.U05.outWordm_2_.fb (in view: work.topram00(topram0)) is packed into a complex cell. To disable register packing, set syn_keep=1 on the net between the register and the complex cell. 
@A: BN291 :"c:\users\elite\onedrive\escritorio\lcd04\lcdmux00.vhd":31:4:31:5|Boundary register R05.U05.outWordm_1_.fb (in view: work.topram00(topram0)) is packed into a complex cell. To disable register packing, set syn_keep=1 on the net between the register and the complex cell. 
@A: BN291 :"c:\users\elite\onedrive\escritorio\lcd04\lcdmux00.vhd":31:4:31:5|Boundary register R05.U05.outWordm_0_.fb (in view: work.topram00(topram0)) is packed into a complex cell. To disable register packing, set syn_keep=1 on the net between the register and the complex cell. 
@A: BN291 :"c:\users\elite\onedrive\escritorio\lcd04\contring00.vhd":20:2:20:3|Boundary register R01.K00.outkr_3_.fb (in view: work.topram00(topram0)) is packed into a complex cell. To disable register packing, set syn_keep=1 on the net between the register and the complex cell. 
@A: BN291 :"c:\users\elite\onedrive\escritorio\lcd04\contring00.vhd":20:2:20:3|Boundary register R01.K00.outkr_2_.fb (in view: work.topram00(topram0)) is packed into a complex cell. To disable register packing, set syn_keep=1 on the net between the register and the complex cell. 
@A: BN291 :"c:\users\elite\onedrive\escritorio\lcd04\contring00.vhd":20:2:20:3|Boundary register R01.K00.outkr_1_.fb (in view: work.topram00(topram0)) is packed into a complex cell. To disable register packing, set syn_keep=1 on the net between the register and the complex cell. 
@A: BN291 :"c:\users\elite\onedrive\escritorio\lcd04\contring00.vhd":20:2:20:3|Boundary register R01.K00.outkr_0_.fb (in view: work.topram00(topram0)) is packed into a complex cell. To disable register packing, set syn_keep=1 on the net between the register and the complex cell. 
@A: BN291 :"c:\users\elite\onedrive\escritorio\lcd04\coderk00.vhd":27:1:27:2|Boundary register R01.K01.outcontk_4_.fb (in view: work.topram00(topram0)) is packed into a complex cell. To disable register packing, set syn_keep=1 on the net between the register and the complex cell. 
@A: BN291 :"c:\users\elite\onedrive\escritorio\lcd04\coderk00.vhd":27:1:27:2|Boundary register R01.K01.outcontk_3_.fb (in view: work.topram00(topram0)) is packed into a complex cell. To disable register packing, set syn_keep=1 on the net between the register and the complex cell. 
@A: BN291 :"c:\users\elite\onedrive\escritorio\lcd04\coderk00.vhd":27:1:27:2|Boundary register R01.K01.outcontk_2_.fb (in view: work.topram00(topram0)) is packed into a complex cell. To disable register packing, set syn_keep=1 on the net between the register and the complex cell. 
@A: BN291 :"c:\users\elite\onedrive\escritorio\lcd04\coderk00.vhd":27:1:27:2|Boundary register R01.K01.outcontk_1_.fb (in view: work.topram00(topram0)) is packed into a complex cell. To disable register packing, set syn_keep=1 on the net between the register and the complex cell. 
@A: BN291 :"c:\users\elite\onedrive\escritorio\lcd04\coderk00.vhd":27:1:27:2|Boundary register R01.K01.outcontk_0_.fb (in view: work.topram00(topram0)) is packed into a complex cell. To disable register packing, set syn_keep=1 on the net between the register and the complex cell. 
@A: BN291 :"c:\users\elite\onedrive\escritorio\lcd04\lcdconfig00.vhd":27:4:27:5|Boundary register R05.U02.outFlagc.fb (in view: work.topram00(topram0)) is packed into a complex cell. To disable register packing, set syn_keep=1 on the net between the register and the complex cell. 

Finished restoring hierarchy (Real Time elapsed 0h:00m:01s; CPU Time elapsed 0h:00m:01s; Memory used current: 147MB peak: 148MB)



@S |Clock Optimization Summary


#### START OF CLOCK OPTIMIZATION REPORT #####[

0 non-gated/non-generated clock tree(s) driving 0 clock pin(s) of sequential element(s)
2 gated/generated clock tree(s) driving 111 clock pin(s) of sequential element(s)
0 instances converted, 111 sequential instances remain driven by gated/generated clocks

================================================================================================= Gated/Generated Clocks ==================================================================================================
Clock Tree ID     Driving Element      Drive Element Type     Fanout     Sample Instance     Explanation                                                                                                                   
---------------------------------------------------------------------------------------------------------------------------------------------------------------------------------------------------------------------------
@K:CKID0001       R00.o00.OSCInst0     OSCH                   107        R05_U05_ENmio       Gating structure creates improper gating logic. See the Gated Clocks description in the user guide for conversion requirements
@K:CKID0002       R00.o001.outdiv      FD1S3AX                4          R07.wordram_ram     No gated clock conversion method for cell cell:LUCENT.DPR16X4C                                                                
===========================================================================================================================================================================================================================


##### END OF CLOCK OPTIMIZATION REPORT ######]


Start Writing Netlists (Real Time elapsed 0h:00m:01s; CPU Time elapsed 0h:00m:01s; Memory used current: 113MB peak: 148MB)

Writing Analyst data base C:\Users\elite\OneDrive\Escritorio\lcd04\lcd4\synwork\lcd04_lcd4_m.srm

Finished Writing Netlist Databases (Real Time elapsed 0h:00m:02s; CPU Time elapsed 0h:00m:01s; Memory used current: 146MB peak: 148MB)

Writing EDIF Netlist and constraint files
@N: FX1056 |Writing EDF file: C:\Users\elite\OneDrive\Escritorio\lcd04\lcd4\lcd04_lcd4.edi
M-2017.03L-SP1-1
@N: BW106 |Synplicity Constraint File capacitance units using default value of 1pF 

Finished Writing EDIF Netlist and constraint files (Real Time elapsed 0h:00m:02s; CPU Time elapsed 0h:00m:02s; Memory used current: 150MB peak: 152MB)


Start final timing analysis (Real Time elapsed 0h:00m:03s; CPU Time elapsed 0h:00m:02s; Memory used current: 150MB peak: 152MB)

@N: MT615 |Found clock div00|outdiv_derived_clock with period 480.77ns 
@W: MT420 |Found inferred clock osc00|osc_int_inferred_clock with period 480.77ns. Please declare a user-defined clock on object "n:R00.o00.osc_int"


##### START OF TIMING REPORT #####[
# Timing Report written on Tue May  7 04:06:41 2019
#


Top view:               topram00
Requested Frequency:    2.1 MHz
Wire load mode:         top
Paths requested:        5
Constraint File(s):    
@N: MT320 |This timing report is an estimate of place and route data. For final timing results, use the FPGA vendor place and route report.

@N: MT322 |Clock constraints include only register-to-register paths associated with each individual clock.



Performance Summary
*******************


Worst slack in design: 468.401

                                 Requested     Estimated     Requested     Estimated                 Clock                                           Clock              
Starting Clock                   Frequency     Frequency     Period        Period        Slack       Type                                            Group              
------------------------------------------------------------------------------------------------------------------------------------------------------------------------
div00|outdiv_derived_clock       2.1 MHz       440.8 MHz     480.769       2.269         479.269     derived (from osc00|osc_int_inferred_clock)     Inferred_clkgroup_0
osc00|osc_int_inferred_clock     2.1 MHz       80.9 MHz      480.769       12.368        468.401     inferred                                        Inferred_clkgroup_0
========================================================================================================================================================================





Clock Relationships
*******************

Clocks                                                      |    rise  to  rise     |    fall  to  fall   |    rise  to  fall   |    fall  to  rise 
----------------------------------------------------------------------------------------------------------------------------------------------------
Starting                      Ending                        |  constraint  slack    |  constraint  slack  |  constraint  slack  |  constraint  slack
----------------------------------------------------------------------------------------------------------------------------------------------------
osc00|osc_int_inferred_clock  osc00|osc_int_inferred_clock  |  480.769     468.401  |  No paths    -      |  No paths    -      |  No paths    -    
osc00|osc_int_inferred_clock  div00|outdiv_derived_clock    |  480.769     478.501  |  No paths    -      |  No paths    -      |  No paths    -    
div00|outdiv_derived_clock    osc00|osc_int_inferred_clock  |  480.769     479.269  |  No paths    -      |  No paths    -      |  No paths    -    
====================================================================================================================================================
 Note: 'No paths' indicates there are no paths in the design for that pair of clock edges.
       'Diff grp' indicates that paths exist but the starting clock and ending clock are in different clock groups.



Interface Information 
*********************

No IO constraint found



====================================
Detailed Report for Clock: div00|outdiv_derived_clock
====================================



Starting Points with Worst Slack
********************************

                      Starting                                                               Arrival            
Instance              Reference                      Type         Pin     Net                Time        Slack  
                      Clock                                                                                     
----------------------------------------------------------------------------------------------------------------
R07.wordram_ram       div00|outdiv_derived_clock     DPR16X4C     DO3     wordram_ram_2      0.972       479.269
R07.wordram_ram_0     div00|outdiv_derived_clock     DPR16X4C     DO3     wordram_ram_6      0.972       479.269
R07.wordram_ram_1     div00|outdiv_derived_clock     DPR16X4C     DO3     wordram_ram_10     0.972       479.269
R07.wordram_ram_2     div00|outdiv_derived_clock     DPR16X4C     DO3     wordram_ram_14     0.972       479.269
================================================================================================================


Ending Points with Worst Slack
******************************

                      Starting                                                          Required            
Instance              Reference                      Type        Pin     Net            Time         Slack  
                      Clock                                                                                 
------------------------------------------------------------------------------------------------------------
R07.outWordRam[3]     div00|outdiv_derived_clock     FD1P3AX     D       wordram[3]     480.858      479.269
R07.outWordRam[7]     div00|outdiv_derived_clock     FD1P3AX     D       wordram[7]     480.858      479.269
============================================================================================================



Worst Path Information
***********************


Path information for path number 1: 
      Requested Period:                      480.769
    - Setup time:                            -0.089
    + Clock delay at ending point:           0.000 (ideal)
    = Required time:                         480.858

    - Propagation time:                      1.589
    - Clock delay at starting point:         0.000 (ideal)
    = Slack (non-critical) :                 479.269

    Number of logic level(s):                1
    Starting point:                          R07.wordram_ram / DO3
    Ending point:                            R07.outWordRam[3] / D
    The start point is clocked by            div00|outdiv_derived_clock [rising] on pin WCK
    The end   point is clocked by            osc00|osc_int_inferred_clock [rising] on pin CK

Instance / Net                         Pin      Pin               Arrival     No. of    
Name                      Type         Name     Dir     Delay     Time        Fan Out(s)
----------------------------------------------------------------------------------------
R07.wordram_ram           DPR16X4C     DO3      Out     0.972     0.972       -         
wordram_ram_2             Net          -        -       -         -           1         
R07.outWordRam_RNO[3]     ORCALUT4     A        In      0.000     0.972       -         
R07.outWordRam_RNO[3]     ORCALUT4     Z        Out     0.617     1.589       -         
wordram[3]                Net          -        -       -         -           1         
R07.outWordRam[3]         FD1P3AX      D        In      0.000     1.589       -         
========================================================================================




====================================
Detailed Report for Clock: osc00|osc_int_inferred_clock
====================================



Starting Points with Worst Slack
********************************

                      Starting                                                          Arrival            
Instance              Reference                        Type        Pin     Net          Time        Slack  
                      Clock                                                                                
-----------------------------------------------------------------------------------------------------------
R00.o001.sdiv[19]     osc00|osc_int_inferred_clock     FD1S3IX     Q       sdiv[19]     1.188       468.401
R00.o001.sdiv[17]     osc00|osc_int_inferred_clock     FD1S3IX     Q       sdiv[17]     1.148       468.441
R00.o001.sdiv[0]      osc00|osc_int_inferred_clock     FD1S3IX     Q       sdiv[0]      1.044       468.473
R00.o001.sdiv[1]      osc00|osc_int_inferred_clock     FD1S3IX     Q       sdiv[1]      1.044       468.473
R00.o001.sdiv[3]      osc00|osc_int_inferred_clock     FD1S3IX     Q       sdiv[3]      1.044       468.473
R00.o001.sdiv[4]      osc00|osc_int_inferred_clock     FD1S3IX     Q       sdiv[4]      1.044       468.473
R00.o001.sdiv[5]      osc00|osc_int_inferred_clock     FD1S3IX     Q       sdiv[5]      1.044       468.473
R00.o001.sdiv[6]      osc00|osc_int_inferred_clock     FD1S3IX     Q       sdiv[6]      1.044       468.473
R00.o001.sdiv[18]     osc00|osc_int_inferred_clock     FD1S3IX     Q       sdiv[18]     1.180       469.426
R00.o001.sdiv[2]      osc00|osc_int_inferred_clock     FD1S3IX     Q       sdiv[2]      1.044       469.490
===========================================================================================================


Ending Points with Worst Slack
******************************

                         Starting                                                              Required            
Instance                 Reference                        Type        Pin     Net              Time         Slack  
                         Clock                                                                                     
-------------------------------------------------------------------------------------------------------------------
R05.U04.outWorddd[1]     osc00|osc_int_inferred_clock     FD1P3IX     CD      outWorddd_90     479.966      468.401
R05.U04.outWorddd[2]     osc00|osc_int_inferred_clock     FD1P3IX     CD      outWorddd_90     479.966      468.401
R05.U04.outWorddd[3]     osc00|osc_int_inferred_clock     FD1P3IX     CD      outWorddd_90     479.966      468.401
R05.U04.outWorddd[4]     osc00|osc_int_inferred_clock     FD1P3IX     CD      outWorddd_90     479.966      468.401
R05.U04.outWorddd[5]     osc00|osc_int_inferred_clock     FD1P3IX     CD      outWorddd_90     479.966      468.401
R05.U04.outWorddd[6]     osc00|osc_int_inferred_clock     FD1P3IX     CD      outWorddd_90     479.966      468.401
R05.U04.outWorddd[7]     osc00|osc_int_inferred_clock     FD1P3IX     CD      outWorddd_90     479.966      468.401
R05.U04.outWorddd[0]     osc00|osc_int_inferred_clock     FD1S3JX     D       outWorddd_90     480.664      469.098
R05.U04.outWorddd[0]     osc00|osc_int_inferred_clock     FD1S3JX     PD      fb               479.966      469.173
R01.K01.outcoderk[0]     osc00|osc_int_inferred_clock     FD1P3JX     PD      outcoderk_87     479.966      469.373
===================================================================================================================



Worst Path Information
***********************


Path information for path number 1: 
      Requested Period:                      480.769
    - Setup time:                            0.803
    + Clock delay at ending point:           0.000 (ideal)
    = Required time:                         479.966

    - Propagation time:                      11.565
    - Clock delay at starting point:         0.000 (ideal)
    = Slack (critical) :                     468.401

    Number of logic level(s):                10
    Starting point:                          R00.o001.sdiv[19] / Q
    Ending point:                            R05.U04.outWorddd[1] / CD
    The start point is clocked by            osc00|osc_int_inferred_clock [rising] on pin CK
    The end   point is clocked by            osc00|osc_int_inferred_clock [rising] on pin CK

Instance / Net                                           Pin      Pin               Arrival     No. of    
Name                                        Type         Name     Dir     Delay     Time        Fan Out(s)
----------------------------------------------------------------------------------------------------------
R00.o001.sdiv[19]                           FD1S3IX      Q        Out     1.188     1.188       -         
sdiv[19]                                    Net          -        -       -         -           6         
R00.o001.sdiv_RNIG9EI1[17]                  ORCALUT4     B        In      0.000     1.188       -         
R00.o001.sdiv_RNIG9EI1[17]                  ORCALUT4     Z        Out     1.017     2.205       -         
un1_outdiv37_i_i_o3_2_0                     Net          -        -       -         -           1         
R00.o001.sdiv_RNI8ELB2[18]                  ORCALUT4     B        In      0.000     2.205       -         
R00.o001.sdiv_RNI8ELB2[18]                  ORCALUT4     Z        Out     1.017     3.221       -         
N_23                                        Net          -        -       -         -           1         
R00.o001.sdiv_RNI0JS43[16]                  ORCALUT4     A        In      0.000     3.221       -         
R00.o001.sdiv_RNI0JS43[16]                  ORCALUT4     Z        Out     1.089     4.310       -         
N_27                                        Net          -        -       -         -           2         
R00.o001.un1_outdiv_0_sqmuxa_1_0_o2_0_1     ORCALUT4     B        In      0.000     4.310       -         
R00.o001.un1_outdiv_0_sqmuxa_1_0_o2_0_1     ORCALUT4     Z        Out     1.017     5.327       -         
un1_outdiv_0_sqmuxa_1_0_o2_0_1              Net          -        -       -         -           1         
R00.o001.un1_outdiv_0_sqmuxa_1_0_o2_0       ORCALUT4     B        In      0.000     5.327       -         
R00.o001.un1_outdiv_0_sqmuxa_1_0_o2_0       ORCALUT4     Z        Out     1.017     6.344       -         
N_110                                       Net          -        -       -         -           1         
R00.o001.un1_outdiv_0_sqmuxa_1_0_o3_bm      ORCALUT4     C        In      0.000     6.344       -         
R00.o001.un1_outdiv_0_sqmuxa_1_0_o3_bm      ORCALUT4     Z        Out     1.017     7.361       -         
un1_outdiv_0_sqmuxa_1_0_o3_bm               Net          -        -       -         -           1         
R00.o001.un1_outdiv_0_sqmuxa_1_0_o3         PFUMX        ALUT     In      0.000     7.361       -         
R00.o001.un1_outdiv_0_sqmuxa_1_0_o3         PFUMX        Z        Out     0.286     7.647       -         
N_117                                       Net          -        -       -         -           2         
R00.o001.un1_outdiv_0_sqmuxa_1_0_1          ORCALUT4     A        In      0.000     7.647       -         
R00.o001.un1_outdiv_0_sqmuxa_1_0_1          ORCALUT4     Z        Out     1.265     8.912       -         
un1_outdiv_0_sqmuxa_1_1                     Net          -        -       -         -           8         
R01.K01.G_27                                ORCALUT4     B        In      0.000     8.912       -         
R01.K01.G_27                                ORCALUT4     Z        Out     1.389     10.300      -         
G_27                                        Net          -        -       -         -           44        
R05.U04.outWorddd_90                        ORCALUT4     B        In      0.000     10.300      -         
R05.U04.outWorddd_90                        ORCALUT4     Z        Out     1.265     11.565      -         
outWorddd_90                                Net          -        -       -         -           8         
R05.U04.outWorddd[1]                        FD1P3IX      CD       In      0.000     11.565      -         
==========================================================================================================



##### END OF TIMING REPORT #####]

Timing exceptions that could not be applied
None

Finished final timing analysis (Real Time elapsed 0h:00m:03s; CPU Time elapsed 0h:00m:02s; Memory used current: 151MB peak: 152MB)


Finished timing report (Real Time elapsed 0h:00m:03s; CPU Time elapsed 0h:00m:02s; Memory used current: 151MB peak: 152MB)

---------------------------------------
Resource Usage Report
Part: lcmxo2_7000he-5

Register bits: 107 of 6864 (2%)
PIC Latch:       0
I/O cells:       51


Details:
CCU2D:          23
DPR16X4C:       4
FD1P3AX:        28
FD1P3IX:        24
FD1P3JX:        22
FD1S3AX:        1
FD1S3IX:        21
FD1S3JX:        1
GSR:            1
IB:             10
INV:            4
OB:             41
OFS1P3IX:       6
OFS1P3JX:       4
ORCALUT4:       129
OSCH:           1
PFUMX:          1
PUR:            1
VHI:            16
VLO:            16
Mapper successful!

At Mapper Exit (Real Time elapsed 0h:00m:03s; CPU Time elapsed 0h:00m:02s; Memory used current: 32MB peak: 152MB)

Process took 0h:00m:03s realtime, 0h:00m:02s cputime
# Tue May  7 04:06:42 2019

###########################################################]


Synthesis exit by 0.

edif2ngd  -l "MachXO2" -d LCMXO2-7000HE -path "C:/Users/elite/OneDrive/Escritorio/lcd04/lcd4" -path "C:/Users/elite/OneDrive/Escritorio/lcd04"   "C:/Users/elite/OneDrive/Escritorio/lcd04/lcd4/lcd04_lcd4.edi" "lcd04_lcd4.ngo"   
edif2ngd:  version Diamond (64-bit) 3.10.0.111.2

Copyright (c) 1991-1994 by NeoCAD Inc. All rights reserved.
Copyright (c) 1995 AT&T Corp.   All rights reserved.
Copyright (c) 1995-2001 Lucent Technologies Inc.  All rights reserved.
Copyright (c) 2001 Agere Systems   All rights reserved.
Copyright (c) 2002-2017 Lattice Semiconductor Corporation,  All rights reserved.
Writing the design to lcd04_lcd4.ngo...

Total CPU Time: 0 secs  

Total REAL Time: 0 secs  


ngdbuild  -a "MachXO2" -d LCMXO2-7000HE  -p "C:/lscc/diamond/3.10_x64/ispfpga/xo2c00/data"  -p "C:/Users/elite/OneDrive/Escritorio/lcd04/lcd4" -p "C:/Users/elite/OneDrive/Escritorio/lcd04"  "lcd04_lcd4.ngo" "lcd04_lcd4.ngd"  	
ngdbuild:  version Diamond (64-bit) 3.10.0.111.2

Copyright (c) 1991-1994 by NeoCAD Inc. All rights reserved.
Copyright (c) 1995 AT&T Corp.   All rights reserved.
Copyright (c) 1995-2001 Lucent Technologies Inc.  All rights reserved.
Copyright (c) 2001 Agere Systems   All rights reserved.
Copyright (c) 2002-2017 Lattice Semiconductor Corporation,  All rights reserved.
Reading 'lcd04_lcd4.ngo' ...
Loading NGL library 'C:/lscc/diamond/3.10_x64/ispfpga/xo2c00a/data/xo2alib.ngl'...
Loading NGL library 'C:/lscc/diamond/3.10_x64/ispfpga/xo2c00/data/xo2clib.ngl'...
Loading NGL library 'C:/lscc/diamond/3.10_x64/ispfpga/mg5g00/data/mg5glib.ngl'...
Loading NGL library 'C:/lscc/diamond/3.10_x64/ispfpga/or5g00/data/orc5glib.ngl'...


Running DRC...

    <postMsg mid="1166052" type="Warning" dynamic="2" navigation="1" arg0="logical" arg1="R00/o00/OSCInst0_SEDSTDBY" arg2="R00/o00/OSCInst0_SEDSTDBY"  />
    <postMsg mid="1163101" type="Warning" dynamic="1" navigation="0" arg0="1"  />

Design Results:
    353 blocks expanded
Complete the first expansion.
Writing 'lcd04_lcd4.ngd' ...
Total CPU Time: 0 secs  

Total REAL Time: 0 secs  


map -a "MachXO2" -p LCMXO2-7000HE -t TQFP144 -s 5 -oc Commercial   "lcd04_lcd4.ngd" -o "lcd04_lcd4_map.ncd" -pr "lcd04_lcd4.prf" -mp "lcd04_lcd4.mrp" -lpf "C:/Users/elite/OneDrive/Escritorio/lcd04/lcd4/lcd04_lcd4_synplify.lpf" -lpf "C:/Users/elite/OneDrive/Escritorio/lcd04/lcd04.lpf" -c 0            
map:  version Diamond (64-bit) 3.10.0.111.2

Copyright (c) 1991-1994 by NeoCAD Inc. All rights reserved.
Copyright (c) 1995 AT&T Corp.   All rights reserved.
Copyright (c) 1995-2001 Lucent Technologies Inc.  All rights reserved.
Copyright (c) 2001 Agere Systems   All rights reserved.
Copyright (c) 2002-2017 Lattice Semiconductor Corporation,  All rights reserved.
   Process the file: lcd04_lcd4.ngd
   Picdevice="LCMXO2-7000HE"

   Pictype="TQFP144"

   Picspeed=5

   Remove unused logic

   Do not produce over sized NCDs.

Part used: LCMXO2-7000HETQFP144, Performance used: 5.

Loading device for application map from file 'xo2c7000.nph' in environment: C:/lscc/diamond/3.10_x64/ispfpga.
Package Status:                     Final          Version 1.39.

Running general design DRC...

Removing unused logic...

Optimizing...




Design Summary:
   Number of registers:    107 out of  7209 (1%)
      PFU registers:           97 out of  6864 (1%)
      PIO registers:           10 out of   345 (3%)
   Number of SLICEs:       103 out of  3432 (3%)
      SLICEs as Logic/ROM:     91 out of  3432 (3%)
      SLICEs as RAM:           12 out of  2574 (0%)
      SLICEs as Carry:         23 out of  3432 (1%)
   Number of LUT4s:        204 out of  6864 (3%)
      Number used as logic LUTs:        134
      Number used as distributed RAM:    24
      Number used as ripple logic:       46
      Number used as shift registers:     0
   Number of PIO sites used: 51 + 4(JTAG) out of 115 (48%)
   Number of block RAMs:  0 out of 26 (0%)
   Number of GSRs:  0 out of 1 (0%)
   EFB used :       No
   JTAG used :      No
   Readback used :  No
   Oscillator used :  Yes
   Startup used :   No
   POR :            On
   Bandgap :        On
   Number of Power Controller:  0 out of 1 (0%)
   Number of Dynamic Bank Controller (BCINRD):  0 out of 6 (0%)
   Number of Dynamic Bank Controller (BCLVDSO):  0 out of 1 (0%)
   Number of DCCA:  0 out of 8 (0%)
   Number of DCMA:  0 out of 2 (0%)
   Number of PLLs:  0 out of 2 (0%)
   Number of DQSDLLs:  0 out of 2 (0%)
   Number of CLKDIVC:  0 out of 4 (0%)
   Number of ECLKSYNCA:  0 out of 4 (0%)
   Number of ECLKBRIDGECS:  0 out of 2 (0%)
   Notes:-
      1. Total number of LUT4s = (Number of logic LUT4s) + 2*(Number of distributed RAMs) + 2*(Number of ripple logic)
      2. Number of logic LUT4s does not include count of distributed RAM and ripple logic.
   Number of clocks:  2
     Net R00.o001.outdiv_i: 8 loads, 8 rising, 0 falling (Driver: R00/o001/outdiv )
     Net R00.sclk_0: 69 loads, 69 rising, 0 falling (Driver: R00/o00/OSCInst0 )
   Number of Clock Enables:  7
     Net un1_outdiv_0_sqmuxa_1_0_1_RNI1NJT: 33 loads, 23 LSLICEs
     Net R07/outWordRam_cnv[0]: 4 loads, 4 LSLICEs
     Net R05/U04/outWorddd_cnv[0]: 4 loads, 4 LSLICEs
     Net R05/U03/ENcd_RNO: 1 loads, 1 LSLICEs
     Net R05/U02/un1_outwordc12_0_RNIDVRJ1: 6 loads, 6 LSLICEs
     Net R01/K01/aux0_cnv: 2 loads, 2 LSLICEs
     Net R01/K01/un1_enablec_11_0_o2_RNIKEKM1: 6 loads, 6 LSLICEs
   Number of LSRs:  5
     Net G_27: 31 loads, 21 LSLICEs
     Net R05/U04/outWorddd_90: 4 loads, 4 LSLICEs
     Net R05/U04/fb: 1 loads, 1 LSLICEs
     Net R01/K01/outcoderk_87: 4 loads, 4 LSLICEs
     Net R00/o001/outdiv_0_sqmuxa_0_a3_RNI1HJF: 11 loads, 11 LSLICEs
   Number of nets driven by tri-state buffers:  0
   Top 10 highest fanout non-clock nets:
     Net un1_outdiv_0_sqmuxa_1_0_1_RNI1NJT: 34 loads
     Net G_27: 32 loads
     Net soutFlagconfig00_c: 22 loads
     Net enable0_c: 19 loads
     Net soutcontrk_c[0]: 19 loads
     Net soutcontrk_c[1]: 19 loads
     Net soutcontrk_c[2]: 19 loads
     Net soutcontrk_c[3]: 19 loads
     Net rw0_c: 18 loads
     Net soutContConfig00_c[2]: 13 loads
 

   Number of warnings:  0
   Number of errors:    0



Total CPU Time: 0 secs  
Total REAL Time: 0 secs  
Peak Memory Usage: 37 MB

Dumping design to file lcd04_lcd4_map.ncd.

mpartrce -p "lcd04_lcd4.p2t" -f "lcd04_lcd4.p3t" -tf "lcd04_lcd4.pt" "lcd04_lcd4_map.ncd" "lcd04_lcd4.ncd"

---- MParTrce Tool ----
Removing old design directory at request of -rem command line option to this program.
Running par. Please wait . . .

Lattice Place and Route Report for Design "lcd04_lcd4_map.ncd"
Tue May 07 04:06:47 2019

PAR: Place And Route Diamond (64-bit) 3.10.0.111.2.
Command Line: par -w -l 5 -i 6 -t 1 -c 0 -e 0 -gui -exp parUseNBR=1:parCDP=0:parCDR=0:parPathBased=OFF lcd04_lcd4_map.ncd lcd04_lcd4.dir/5_1.ncd lcd04_lcd4.prf
Preference file: lcd04_lcd4.prf.
Placement level-cost: 5-1.
Routing Iterations: 6

Loading design for application par from file lcd04_lcd4_map.ncd.
Design name: topram00
NCD version: 3.3
Vendor:      LATTICE
Device:      LCMXO2-7000HE
Package:     TQFP144
Performance: 5
Loading device for application par from file 'xo2c7000.nph' in environment: C:/lscc/diamond/3.10_x64/ispfpga.
Package Status:                     Final          Version 1.39.
Performance Hardware Data Status:   Final          Version 34.4.
License checked out.


Ignore Preference Error(s):  True
Device utilization summary:

   PIO (prelim)   51+4(JTAG)/336     16% used
                  51+4(JTAG)/115     48% bonded
   IOLOGIC           10/336           2% used

   SLICE            103/3432          3% used

   OSC                1/1           100% used


Number of Signals: 351
Number of Connections: 981

Pin Constraint Summary:
   0 out of 51 pins locked (0% locked).

The following 1 signal is selected to use the primary clock routing resources:
    R00.sclk_0 (driver: R00/o00/OSCInst0, clk load #: 69)


The following 4 signals are selected to use the secondary clock routing resources:
    un1_outdiv_0_sqmuxa_1_0_1_RNI1NJT (driver: SLICE_85, clk load #: 0, sr load #: 0, ce load #: 33)
    G_27 (driver: SLICE_45, clk load #: 0, sr load #: 31, ce load #: 0)
    R00.o001.outdiv_i (driver: SLICE_35, clk load #: 8, sr load #: 0, ce load #: 0)
    R00/o001/outdiv_0_sqmuxa_0_a3_RNI1HJF (driver: R00/o001/SLICE_92, clk load #: 0, sr load #: 11, ce load #: 0)

No signal is selected as Global Set/Reset.
.
Starting Placer Phase 0.
..............
Finished Placer Phase 0.  REAL time: 2 secs 

Starting Placer Phase 1.
.....................
Placer score = 59757.
Finished Placer Phase 1.  REAL time: 20 secs 

Starting Placer Phase 2.
.
Placer score =  59609
Finished Placer Phase 2.  REAL time: 20 secs 


------------------ Clock Report ------------------

Global Clock Resources:
  CLK_PIN    : 0 out of 8 (0%)
  PLL        : 0 out of 2 (0%)
  DCM        : 0 out of 2 (0%)
  DCC        : 0 out of 8 (0%)

Quadrants All (TL, TR, BL, BR) - Global Clocks:
  PRIMARY "R00.sclk_0" from OSC on comp "R00/o00/OSCInst0" on site "OSC", clk load = 69
  SECONDARY "un1_outdiv_0_sqmuxa_1_0_1_RNI1NJT" from F1 on comp "SLICE_85" on site "R14C18B", clk load = 0, ce load = 33, sr load = 0
  SECONDARY "G_27" from F1 on comp "SLICE_45" on site "R14C18D", clk load = 0, ce load = 0, sr load = 31
  SECONDARY "R00.o001.outdiv_i" from Q0 on comp "SLICE_35" on site "R21C18D", clk load = 8, ce load = 0, sr load = 0
  SECONDARY "R00/o001/outdiv_0_sqmuxa_0_a3_RNI1HJF" from F0 on comp "R00/o001/SLICE_92" on site "R14C20C", clk load = 0, ce load = 0, sr load = 11

  PRIMARY  : 1 out of 8 (12%)
  SECONDARY: 4 out of 8 (50%)

Edge Clocks:
  No edge clock selected.

--------------- End of Clock Report ---------------


I/O Usage Summary (final):
   51 + 4(JTAG) out of 336 (16.4%) PIO sites used.
   51 + 4(JTAG) out of 115 (47.8%) bonded PIO sites used.
   Number of PIO comps: 51; differential: 0.
   Number of Vref pins used: 0.

I/O Bank Usage Summary:
+----------+----------------+------------+-----------+
| I/O Bank | Usage          | Bank Vccio | Bank Vref |
+----------+----------------+------------+-----------+
| 0        | 10 / 28 ( 35%) | 2.5V       | -         |
| 1        | 1 / 29 (  3%)  | 2.5V       | -         |
| 2        | 23 / 29 ( 79%) | 2.5V       | -         |
| 3        | 4 / 9 ( 44%)   | 2.5V       | -         |
| 4        | 10 / 10 (100%) | 2.5V       | -         |
| 5        | 3 / 10 ( 30%)  | 2.5V       | -         |
+----------+----------------+------------+-----------+

Total placer CPU time: 18 secs 

Dumping design to file lcd04_lcd4.dir/5_1.ncd.

0 connections routed; 981 unrouted.
Starting router resource preassignment

Completed router resource preassignment. Real time: 24 secs 

Start NBR router at 04:07:11 05/07/19

*****************************************************************
Info: NBR allows conflicts(one node used by more than one signal)
      in the earlier iterations. In each iteration, it tries to  
      solve the conflicts while keeping the critical connections 
      routed as short as possible. The routing process is said to
      be completed when no conflicts exist and all connections   
      are routed.                                                
Note: NBR uses a different method to calculate timing slacks. The
      worst slack and total negative slack may not be the same as
      that in TRCE report. You should always run TRCE to verify  
      your design.                                               
*****************************************************************

Start NBR special constraint process at 04:07:11 05/07/19

Start NBR section for initial routing at 04:07:12 05/07/19
Level 4, iteration 1
25(0.01%) conflicts; 0(0.00%) untouched conn; 0 (nbr) score; 
Estimated worst slack/total negative slack<setup>: 463.021ns/0.000ns; real time: 25 secs 

Info: Initial congestion level at 75% usage is 0
Info: Initial congestion area  at 75% usage is 0 (0.00%)

Start NBR section for normal routing at 04:07:12 05/07/19
Level 4, iteration 1
6(0.00%) conflicts; 0(0.00%) untouched conn; 0 (nbr) score; 
Estimated worst slack/total negative slack<setup>: 463.021ns/0.000ns; real time: 25 secs 
Level 4, iteration 2
3(0.00%) conflicts; 0(0.00%) untouched conn; 0 (nbr) score; 
Estimated worst slack/total negative slack<setup>: 462.836ns/0.000ns; real time: 25 secs 
Level 4, iteration 3
0(0.00%) conflict; 0(0.00%) untouched conn; 0 (nbr) score; 
Estimated worst slack/total negative slack<setup>: 462.836ns/0.000ns; real time: 25 secs 

Start NBR section for setup/hold timing optimization with effort level 3 at 04:07:12 05/07/19

Start NBR section for re-routing at 04:07:12 05/07/19
Level 4, iteration 1
0(0.00%) conflict; 0(0.00%) untouched conn; 0 (nbr) score; 
Estimated worst slack/total negative slack<setup>: 462.836ns/0.000ns; real time: 25 secs 

Start NBR section for post-routing at 04:07:12 05/07/19

End NBR router with 0 unrouted connection

NBR Summary
-----------
  Number of unrouted connections : 0 (0.00%)
  Number of connections with timing violations : 0 (0.00%)
  Estimated worst slack<setup> : 462.836ns
  Timing score<setup> : 0
-----------
Notes: The timing info is calculated for SETUP only and all PAR_ADJs are ignored.



Total CPU time 24 secs 
Total REAL time: 26 secs 
Completely routed.
End of route.  981 routed (100.00%); 0 unrouted.

Hold time timing score: 0, hold timing errors: 0

Timing score: 0 

Dumping design to file lcd04_lcd4.dir/5_1.ncd.


PAR_SUMMARY::Run status = Success
PAR_SUMMARY::Number of unrouted conns = 0
PAR_SUMMARY::Worst  slack<setup/<ns>> = 462.836
PAR_SUMMARY::Timing score<setup/<ns>> = 0.000
PAR_SUMMARY::Worst  slack<hold /<ns>> = 0.304
PAR_SUMMARY::Timing score<hold /<ns>> = 0.000
PAR_SUMMARY::Number of errors = 0

Total CPU  time to completion: 24 secs 
Total REAL time to completion: 27 secs 

par done!

Copyright (c) 1991-1994 by NeoCAD Inc. All rights reserved.
Copyright (c) 1995 AT&T Corp.   All rights reserved.
Copyright (c) 1995-2001 Lucent Technologies Inc.  All rights reserved.
Copyright (c) 2001 Agere Systems   All rights reserved.
Copyright (c) 2002-2017 Lattice Semiconductor Corporation,  All rights reserved.
Exiting par with exit code 0
Exiting mpartrce with exit code 0

bitgen -f "lcd04_lcd4.t2b" -w "lcd04_lcd4.ncd" -jedec "lcd04_lcd4.prf"


BITGEN: Bitstream Generator Diamond (64-bit) 3.10.0.111.2
Copyright (c) 1991-1994 by NeoCAD Inc. All rights reserved.
Copyright (c) 1995 AT&T Corp.   All rights reserved.
Copyright (c) 1995-2001 Lucent Technologies Inc.  All rights reserved.
Copyright (c) 2001 Agere Systems   All rights reserved.
Copyright (c) 2002-2017 Lattice Semiconductor Corporation,  All rights reserved.


Loading design for application Bitgen from file lcd04_lcd4.ncd.
Design name: topram00
NCD version: 3.3
Vendor:      LATTICE
Device:      LCMXO2-7000HE
Package:     TQFP144
Performance: 5
Loading device for application Bitgen from file 'xo2c7000.nph' in environment: C:/lscc/diamond/3.10_x64/ispfpga.
Package Status:                     Final          Version 1.39.
Performance Hardware Data Status:   Final          Version 34.4.

Running DRC.
DRC detected 0 errors and 0 warnings.
Reading Preference File from lcd04_lcd4.prf.

Preference Summary:
+---------------------------------+---------------------------------+
|  Preference                     |  Current Setting                |
+---------------------------------+---------------------------------+
|                         RamCfg  |                        Reset**  |
+---------------------------------+---------------------------------+
|                     MCCLK_FREQ  |                         2.08**  |
+---------------------------------+---------------------------------+
|                  CONFIG_SECURE  |                          OFF**  |
+---------------------------------+---------------------------------+
|                          INBUF  |                           ON**  |
+---------------------------------+---------------------------------+
|                      JTAG_PORT  |                       ENABLE**  |
+---------------------------------+---------------------------------+
|                       SDM_PORT  |                      DISABLE**  |
+---------------------------------+---------------------------------+
|                 SLAVE_SPI_PORT  |                      DISABLE**  |
+---------------------------------+---------------------------------+
|                MASTER_SPI_PORT  |                      DISABLE**  |
+---------------------------------+---------------------------------+
|                       I2C_PORT  |                      DISABLE**  |
+---------------------------------+---------------------------------+
|        MUX_CONFIGURATION_PORTS  |                      DISABLE**  |
+---------------------------------+---------------------------------+
|                  CONFIGURATION  |                          CFG**  |
+---------------------------------+---------------------------------+
|                COMPRESS_CONFIG  |                           ON**  |
+---------------------------------+---------------------------------+
|                        MY_ASSP  |                          OFF**  |
+---------------------------------+---------------------------------+
|               ONE_TIME_PROGRAM  |                          OFF**  |
+---------------------------------+---------------------------------+
|                 ENABLE_TRANSFR  |                      DISABLE**  |
+---------------------------------+---------------------------------+
|                  SHAREDEBRINIT  |                      DISABLE**  |
+---------------------------------+---------------------------------+
|            BACKGROUND_RECONFIG  |                          OFF**  |
+---------------------------------+---------------------------------+
 *  Default setting.
 ** The specified setting matches the default setting.


Creating bit map...
 
Bitstream Status: Final           Version 1.94.
 
Saving bit stream in "lcd04_lcd4.jed".
 
===========
UFM Summary.
===========
UFM Size:        2046 Pages (128*2046 Bits).
UFM Utilization: General Purpose Flash Memory.
 
Available General Purpose Flash Memory: 2046 Pages (Page 0 to Page 2045).
Initialized UFM Pages:                     0 Page.
 
