
synpwrap -msg -prj "lcd02_lcd2_synplify.tcl" -log "lcd02_lcd2.srf"
Copyright (C) 1992-2017 Lattice Semiconductor Corporation. All rights reserved.
Lattice Diamond Version 3.10.0.111.2
    <postMsg mid="2011000" type="Info"    dynamic="0" navigation="0"  />

==contents of lcd02_lcd2.srf
#Build: Synplify Pro (R) M-2017.03L-SP1-1, Build 086R, Aug  4 2017
#install: C:\lscc\diamond\3.10_x64\synpbase
#OS: Windows 8 6.2
#Hostname: LAPTOP-9QN1JB0J

# Thu May  2 10:44:58 2019

#Implementation: lcd2

Synopsys HDL Compiler, version comp2017q2p1, Build 190R, built Aug  4 2017
@N|Running in 64-bit mode
Copyright (C) 1994-2017 Synopsys, Inc. This Synopsys software and all associated documentation are proprietary to Synopsys, Inc. and may only be used pursuant to the terms and conditions of a written license agreement with Synopsys, Inc. All other use, reproduction, modification, or distribution of the Synopsys software or the associated documentation is strictly prohibited.

Synopsys VHDL Compiler, version comp2017q2p1, Build 190R, built Aug  4 2017
@N|Running in 64-bit mode
Copyright (C) 1994-2017 Synopsys, Inc. This Synopsys software and all associated documentation are proprietary to Synopsys, Inc. and may only be used pursuant to the terms and conditions of a written license agreement with Synopsys, Inc. All other use, reproduction, modification, or distribution of the Synopsys software or the associated documentation is strictly prohibited.

@N: CD720 :"C:\lscc\diamond\3.10_x64\synpbase\lib\vhd\std.vhd":123:18:123:21|Setting time resolution to ps
@N:"C:\Users\elite\OneDrive\Escritorio\lcd02\toplcd00.vhd":9:7:9:14|Top entity is set to toplcd00.
File C:\lscc\diamond\3.10_x64\synpbase\lib\cpld\lattice.vhd changed - recompiling
File C:\lscc\diamond\3.10_x64\synpbase\lib\lucent\machxo2.vhd changed - recompiling
File C:\Users\elite\OneDrive\Escritorio\lcd02\div00.vhd changed - recompiling
File C:\Users\elite\OneDrive\Escritorio\lcd02\packageosc00.vhd changed - recompiling
File C:\Users\elite\OneDrive\Escritorio\lcd02\lcdcontconfig00.vhd changed - recompiling
File C:\Users\elite\OneDrive\Escritorio\lcd02\lcdconfig00.vhd changed - recompiling
File C:\Users\elite\OneDrive\Escritorio\lcd02\lcdmux00.vhd changed - recompiling
File C:\Users\elite\OneDrive\Escritorio\lcd02\packagelcd00.vhd changed - recompiling
File C:\Users\elite\OneDrive\Escritorio\lcd02\contring00.vhd changed - recompiling
File C:\Users\elite\OneDrive\Escritorio\lcd02\coder00.vhd changed - recompiling
File C:\Users\elite\OneDrive\Escritorio\lcd02\packagekey00.vhd changed - recompiling
File C:\Users\elite\OneDrive\Escritorio\lcd02\toposc00.vhd changed - recompiling
File C:\Users\elite\OneDrive\Escritorio\lcd02\topkey00.vhd changed - recompiling
File C:\Users\elite\OneDrive\Escritorio\lcd02\toplcd00.vhd changed - recompiling
VHDL syntax check successful!
File C:\Users\elite\OneDrive\Escritorio\lcd02\coder00.vhd changed - recompiling
@N: CD630 :"C:\Users\elite\OneDrive\Escritorio\lcd02\toplcd00.vhd":9:7:9:14|Synthesizing work.toplcd00.toplcd0.
@N: CD630 :"C:\Users\elite\OneDrive\Escritorio\lcd02\lcdmux00.vhd":8:7:8:14|Synthesizing work.lcdmux00.lcdmux0.
@W: CD434 :"C:\Users\elite\OneDrive\Escritorio\lcd02\lcdmux00.vhd":33:27:33:35|Signal inflagcdm in the sensitivity list is not used in the process. Make sure all variables in the sensitivity list are referenced in the process.
Post processing for work.lcdmux00.lcdmux0
@N: CD630 :"C:\Users\elite\OneDrive\Escritorio\lcd02\topkey00.vhd":11:7:11:14|Synthesizing work.topkey00.topkey0.
@N: CD630 :"C:\Users\elite\OneDrive\Escritorio\lcd02\coder00.vhd":8:7:8:13|Synthesizing work.coder00.coder0.
Post processing for work.coder00.coder0
@N: CD630 :"C:\Users\elite\OneDrive\Escritorio\lcd02\contring00.vhd":11:7:11:16|Synthesizing work.contring00.contring0.
Post processing for work.contring00.contring0
@W: CL279 :"C:\Users\elite\OneDrive\Escritorio\lcd02\contring00.vhd":24:2:24:3|Pruning register bits 2 to 0 of soutr(3 downto 0). If this is not the intended behavior, drive the inputs with valid values, or inputs from the top level.
Post processing for work.topkey00.topkey0
@N: CD630 :"C:\Users\elite\OneDrive\Escritorio\lcd02\lcdconfig00.vhd":8:7:8:17|Synthesizing work.lcdconfig00.lcdconfig0.
Post processing for work.lcdconfig00.lcdconfig0
@N: CD630 :"C:\Users\elite\OneDrive\Escritorio\lcd02\lcdcontconfig00.vhd":8:7:8:21|Synthesizing work.lcdcontconfig00.lcdcontconfig0.
@N: CD364 :"C:\Users\elite\OneDrive\Escritorio\lcd02\lcdcontconfig00.vhd":33:7:33:11|Removing redundant assignment.
Post processing for work.lcdcontconfig00.lcdcontconfig0
@N: CD630 :"C:\Users\elite\OneDrive\Escritorio\lcd02\toposc00.vhd":9:7:9:14|Synthesizing work.toposc00.toposc0.
@N: CD630 :"C:\Users\elite\OneDrive\Escritorio\lcd02\div00.vhd":8:7:8:11|Synthesizing work.div00.div0.
@N: CD364 :"C:\Users\elite\OneDrive\Escritorio\lcd02\div00.vhd":28:6:28:11|Removing redundant assignment.
@N: CD364 :"C:\Users\elite\OneDrive\Escritorio\lcd02\div00.vhd":37:6:37:11|Removing redundant assignment.
@N: CD364 :"C:\Users\elite\OneDrive\Escritorio\lcd02\div00.vhd":46:6:46:11|Removing redundant assignment.
@N: CD364 :"C:\Users\elite\OneDrive\Escritorio\lcd02\div00.vhd":55:6:55:11|Removing redundant assignment.
@N: CD364 :"C:\Users\elite\OneDrive\Escritorio\lcd02\div00.vhd":64:6:64:11|Removing redundant assignment.
@N: CD364 :"C:\Users\elite\OneDrive\Escritorio\lcd02\div00.vhd":73:6:73:11|Removing redundant assignment.
@N: CD364 :"C:\Users\elite\OneDrive\Escritorio\lcd02\div00.vhd":82:6:82:11|Removing redundant assignment.
@N: CD364 :"C:\Users\elite\OneDrive\Escritorio\lcd02\div00.vhd":91:6:91:11|Removing redundant assignment.
@N: CD364 :"C:\Users\elite\OneDrive\Escritorio\lcd02\div00.vhd":100:6:100:11|Removing redundant assignment.
Post processing for work.div00.div0
@N: CD630 :"C:\Users\elite\OneDrive\Escritorio\lcd02\osc00.vhd":9:7:9:11|Synthesizing work.osc00.osc0.
@W: CD276 :"C:\lscc\diamond\3.10_x64\cae_library\synthesis\vhdl\machxo2.vhd":2297:8:2297:15|Map for port sedstdby of component osch not found
@N: CD630 :"C:\lscc\diamond\3.10_x64\cae_library\synthesis\vhdl\machxo2.vhd":2291:10:2291:13|Synthesizing work.osch.syn_black_box.
Post processing for work.osch.syn_black_box
Post processing for work.osc00.osc0
Post processing for work.toposc00.toposc0
Post processing for work.toplcd00.toplcd0
@W: CL240 :"C:\Users\elite\OneDrive\Escritorio\lcd02\toplcd00.vhd":27:2:27:13|Signal outFlagdata0 is floating; a simulation mismatch is possible.
@N: CL189 :"C:\Users\elite\OneDrive\Escritorio\lcd02\div00.vhd":21:2:21:3|Register bit sdiv(21) is always 0.
@W: CL260 :"C:\Users\elite\OneDrive\Escritorio\lcd02\div00.vhd":21:2:21:3|Pruning register bit 21 of sdiv(21 downto 0). If this is not the intended behavior, drive the input with valid values, or an input from the top level.
@W: CL138 :"C:\Users\elite\OneDrive\Escritorio\lcd02\lcdconfig00.vhd":26:2:26:3|Removing register 'RSc' because it is only assigned 0 or its original value.
@W: CL138 :"C:\Users\elite\OneDrive\Escritorio\lcd02\lcdconfig00.vhd":26:2:26:3|Removing register 'RWc' because it is only assigned 0 or its original value.
@N: CL189 :"C:\Users\elite\OneDrive\Escritorio\lcd02\lcdconfig00.vhd":26:2:26:3|Register bit comandoc(6) is always 0.
@W: CL260 :"C:\Users\elite\OneDrive\Escritorio\lcd02\lcdconfig00.vhd":26:2:26:3|Pruning register bit 6 of comandoc(7 downto 0). If this is not the intended behavior, drive the input with valid values, or an input from the top level.
@N: CL189 :"C:\Users\elite\OneDrive\Escritorio\lcd02\coder00.vhd":29:2:29:3|Register bit outcoder(7) is always 0.
@N: CL189 :"C:\Users\elite\OneDrive\Escritorio\lcd02\coder00.vhd":29:2:29:3|Register bit RScdc is always 1.
@N: CL189 :"C:\Users\elite\OneDrive\Escritorio\lcd02\coder00.vhd":29:2:29:3|Register bit RWcdc is always 0.
@W: CL260 :"C:\Users\elite\OneDrive\Escritorio\lcd02\coder00.vhd":29:2:29:3|Pruning register bit 7 of outcoder(7 downto 0). If this is not the intended behavior, drive the input with valid values, or an input from the top level.
@N: CL159 :"C:\Users\elite\OneDrive\Escritorio\lcd02\coder00.vhd":13:2:13:5|Input flag is unused.
@N: CL159 :"C:\Users\elite\OneDrive\Escritorio\lcd02\lcdmux00.vhd":14:2:14:10|Input inFlagcdm is unused.
@W: CL158 :"C:\Users\elite\OneDrive\Escritorio\lcd02\toplcd00.vhd":24:2:24:11|Inout outcontcd0 is unused

At c_vhdl Exit (Real Time elapsed 0h:00m:01s; CPU Time elapsed 0h:00m:00s; Memory used current: 78MB peak: 81MB)

Process took 0h:00m:01s realtime, 0h:00m:01s cputime

Process completed successfully.
# Thu May  2 10:45:00 2019

###########################################################]
Synopsys Netlist Linker, version comp2017q2p1, Build 190R, built Aug  4 2017
@N|Running in 64-bit mode
File C:\Users\elite\OneDrive\Escritorio\lcd02\lcd2\synwork\layer0.srs changed - recompiling

At syn_nfilter Exit (Real Time elapsed 0h:00m:00s; CPU Time elapsed 0h:00m:00s; Memory used current: 67MB peak: 68MB)

Process took 0h:00m:01s realtime, 0h:00m:01s cputime

Process completed successfully.
# Thu May  2 10:45:01 2019

###########################################################]
@END

At c_hdl Exit (Real Time elapsed 0h:00m:02s; CPU Time elapsed 0h:00m:00s; Memory used current: 3MB peak: 4MB)

Process took 0h:00m:02s realtime, 0h:00m:01s cputime

Process completed successfully.
# Thu May  2 10:45:01 2019

###########################################################]
Synopsys Netlist Linker, version comp2017q2p1, Build 190R, built Aug  4 2017
@N|Running in 64-bit mode
File C:\Users\elite\OneDrive\Escritorio\lcd02\lcd2\synwork\lcd02_lcd2_comp.srs changed - recompiling

At syn_nfilter Exit (Real Time elapsed 0h:00m:00s; CPU Time elapsed 0h:00m:00s; Memory used current: 67MB peak: 68MB)

Process took 0h:00m:01s realtime, 0h:00m:01s cputime

Process completed successfully.
# Thu May  2 10:45:02 2019

###########################################################]
Pre-mapping Report

# Thu May  2 10:45:03 2019

Synopsys Lattice Technology Pre-mapping, Version maplat, Build 1796R, Built Aug  4 2017 11:10:16
Copyright (C) 1994-2017 Synopsys, Inc. This Synopsys software and all associated documentation are proprietary to Synopsys, Inc. and may only be used pursuant to the terms and conditions of a written license agreement with Synopsys, Inc. All other use, reproduction, modification, or distribution of the Synopsys software or the associated documentation is strictly prohibited.
Product Version M-2017.03L-SP1-1

Mapper Startup Complete (Real Time elapsed 0h:00m:00s; CPU Time elapsed 0h:00m:00s; Memory used current: 99MB peak: 99MB)

@A: MF827 |No constraint file specified.
@L: C:\Users\elite\OneDrive\Escritorio\lcd02\lcd2\lcd02_lcd2_scck.rpt 
Printing clock  summary report in "C:\Users\elite\OneDrive\Escritorio\lcd02\lcd2\lcd02_lcd2_scck.rpt" file 
@N: MF248 |Running in 64-bit mode.
@N: MF666 |Clock conversion enabled. (Command "set_option -fix_gated_and_generated_clocks 1" in the project file.)

Design Input Complete (Real Time elapsed 0h:00m:00s; CPU Time elapsed 0h:00m:00s; Memory used current: 100MB peak: 102MB)


Mapper Initialization Complete (Real Time elapsed 0h:00m:00s; CPU Time elapsed 0h:00m:00s; Memory used current: 100MB peak: 102MB)


Start loading timing files (Real Time elapsed 0h:00m:00s; CPU Time elapsed 0h:00m:00s; Memory used current: 112MB peak: 112MB)


Finished loading timing files (Real Time elapsed 0h:00m:00s; CPU Time elapsed 0h:00m:00s; Memory used current: 112MB peak: 114MB)

@W: FX474 |User-specified initial value defined for some sequential elements which can prevent optimum synthesis results from being achieved. 
ICG Latch Removal Summary:
Number of ICG latches removed:	0
Number of ICG latches not removed:	0
syn_allowed_resources : blockrams=26  set on top level netlist toplcd00

Finished netlist restructuring (Real Time elapsed 0h:00m:01s; CPU Time elapsed 0h:00m:00s; Memory used current: 139MB peak: 141MB)



Clock Summary
******************

          Start                            Requested     Requested     Clock                                           Clock                   Clock
Level     Clock                            Frequency     Period        Type                                            Group                   Load 
----------------------------------------------------------------------------------------------------------------------------------------------------
0 -       osc00|osc_int_inferred_clock     2.1 MHz       480.769       inferred                                        Inferred_clkgroup_0     22   
1 .         div00|oscout_derived_clock     2.1 MHz       480.769       derived (from osc00|osc_int_inferred_clock)     Inferred_clkgroup_0     44   
====================================================================================================================================================

@W: MT529 :"c:\users\elite\onedrive\escritorio\lcd02\div00.vhd":21:2:21:3|Found inferred clock osc00|osc_int_inferred_clock which controls 22 sequential elements including L00.OS01.sdiv[20:0]. This clock has no specified timing constraint which may prevent conversion of gated or generated clocks and may adversely impact design performance. 

Finished Pre Mapping Phase.

Starting constraint checker (Real Time elapsed 0h:00m:01s; CPU Time elapsed 0h:00m:00s; Memory used current: 140MB peak: 141MB)


Finished constraint checker preprocessing (Real Time elapsed 0h:00m:01s; CPU Time elapsed 0h:00m:00s; Memory used current: 140MB peak: 141MB)

None
None

Finished constraint checker (Real Time elapsed 0h:00m:01s; CPU Time elapsed 0h:00m:00s; Memory used current: 140MB peak: 141MB)

Pre-mapping successful!

At Mapper Exit (Real Time elapsed 0h:00m:01s; CPU Time elapsed 0h:00m:00s; Memory used current: 55MB peak: 141MB)

Process took 0h:00m:01s realtime, 0h:00m:01s cputime
# Thu May  2 10:45:04 2019

###########################################################]
Map & Optimize Report

# Thu May  2 10:45:05 2019

Synopsys Lattice Technology Mapper, Version maplat, Build 1796R, Built Aug  4 2017 11:10:16
Copyright (C) 1994-2017 Synopsys, Inc. This Synopsys software and all associated documentation are proprietary to Synopsys, Inc. and may only be used pursuant to the terms and conditions of a written license agreement with Synopsys, Inc. All other use, reproduction, modification, or distribution of the Synopsys software or the associated documentation is strictly prohibited.
Product Version M-2017.03L-SP1-1

Mapper Startup Complete (Real Time elapsed 0h:00m:00s; CPU Time elapsed 0h:00m:00s; Memory used current: 99MB peak: 99MB)

@N: MF248 |Running in 64-bit mode.
@N: MF666 |Clock conversion enabled. (Command "set_option -fix_gated_and_generated_clocks 1" in the project file.)

Design Input Complete (Real Time elapsed 0h:00m:00s; CPU Time elapsed 0h:00m:00s; Memory used current: 98MB peak: 100MB)


Mapper Initialization Complete (Real Time elapsed 0h:00m:00s; CPU Time elapsed 0h:00m:00s; Memory used current: 98MB peak: 100MB)


Start loading timing files (Real Time elapsed 0h:00m:00s; CPU Time elapsed 0h:00m:00s; Memory used current: 111MB peak: 112MB)


Finished loading timing files (Real Time elapsed 0h:00m:00s; CPU Time elapsed 0h:00m:00s; Memory used current: 111MB peak: 114MB)



Starting Optimization and Mapping (Real Time elapsed 0h:00m:00s; CPU Time elapsed 0h:00m:00s; Memory used current: 139MB peak: 142MB)


Available hyper_sources - for debug and ip models
	None Found


Finished RTL optimizations (Real Time elapsed 0h:00m:00s; CPU Time elapsed 0h:00m:00s; Memory used current: 139MB peak: 142MB)


Starting factoring (Real Time elapsed 0h:00m:00s; CPU Time elapsed 0h:00m:00s; Memory used current: 140MB peak: 142MB)


Finished factoring (Real Time elapsed 0h:00m:00s; CPU Time elapsed 0h:00m:00s; Memory used current: 141MB peak: 142MB)


Starting gated-clock and generated-clock conversion (Real Time elapsed 0h:00m:00s; CPU Time elapsed 0h:00m:00s; Memory used current: 140MB peak: 142MB)


Finished gated-clock and generated-clock conversion (Real Time elapsed 0h:00m:00s; CPU Time elapsed 0h:00m:00s; Memory used current: 141MB peak: 142MB)


Finished generic timing optimizations - Pass 1 (Real Time elapsed 0h:00m:01s; CPU Time elapsed 0h:00m:00s; Memory used current: 143MB peak: 143MB)


Starting Early Timing Optimization (Real Time elapsed 0h:00m:01s; CPU Time elapsed 0h:00m:01s; Memory used current: 143MB peak: 144MB)


Finished Early Timing Optimization (Real Time elapsed 0h:00m:01s; CPU Time elapsed 0h:00m:01s; Memory used current: 143MB peak: 144MB)


Finished generic timing optimizations - Pass 2 (Real Time elapsed 0h:00m:01s; CPU Time elapsed 0h:00m:01s; Memory used current: 143MB peak: 144MB)


Finished preparing to map (Real Time elapsed 0h:00m:01s; CPU Time elapsed 0h:00m:01s; Memory used current: 143MB peak: 144MB)


Finished technology mapping (Real Time elapsed 0h:00m:01s; CPU Time elapsed 0h:00m:01s; Memory used current: 145MB peak: 147MB)

Pass		 CPU time		Worst Slack		Luts / Registers
------------------------------------------------------------
   1		0h:00m:01s		   471.43ns		 109 /        66

Finished technology timing optimizations and critical path resynthesis (Real Time elapsed 0h:00m:01s; CPU Time elapsed 0h:00m:01s; Memory used current: 145MB peak: 147MB)

@N: FX164 |The option to pack registers in the IOB has not been specified. Please set syn_useioff attribute.  
@A: BN291 :"c:\users\elite\onedrive\escritorio\lcd02\lcdcontconfig00.vhd":22:2:22:3|Boundary register L01.outcc_4_.fb (in view: work.toplcd00(toplcd0)) is packed into a complex cell. To disable register packing, set syn_keep=1 on the net between the register and the complex cell. 
@A: BN291 :"c:\users\elite\onedrive\escritorio\lcd02\lcdcontconfig00.vhd":22:2:22:3|Boundary register L01.outcc_3_.fb (in view: work.toplcd00(toplcd0)) is packed into a complex cell. To disable register packing, set syn_keep=1 on the net between the register and the complex cell. 
@A: BN291 :"c:\users\elite\onedrive\escritorio\lcd02\lcdcontconfig00.vhd":22:2:22:3|Boundary register L01.outcc_2_.fb (in view: work.toplcd00(toplcd0)) is packed into a complex cell. To disable register packing, set syn_keep=1 on the net between the register and the complex cell. 
@A: BN291 :"c:\users\elite\onedrive\escritorio\lcd02\lcdcontconfig00.vhd":22:2:22:3|Boundary register L01.outcc_1_.fb (in view: work.toplcd00(toplcd0)) is packed into a complex cell. To disable register packing, set syn_keep=1 on the net between the register and the complex cell. 
@A: BN291 :"c:\users\elite\onedrive\escritorio\lcd02\lcdcontconfig00.vhd":22:2:22:3|Boundary register L01.outcc_0_.fb (in view: work.toplcd00(toplcd0)) is packed into a complex cell. To disable register packing, set syn_keep=1 on the net between the register and the complex cell. 
@A: BN291 :"c:\users\elite\onedrive\escritorio\lcd02\lcdmux00.vhd":37:2:37:3|Boundary register L05.RSm.fb (in view: work.toplcd00(toplcd0)) is packed into a complex cell. To disable register packing, set syn_keep=1 on the net between the register and the complex cell. 
@A: BN291 :"c:\users\elite\onedrive\escritorio\lcd02\lcdmux00.vhd":37:2:37:3|Boundary register L05.outwordlcdm_7_.fb (in view: work.toplcd00(toplcd0)) is packed into a complex cell. To disable register packing, set syn_keep=1 on the net between the register and the complex cell. 
@A: BN291 :"c:\users\elite\onedrive\escritorio\lcd02\lcdmux00.vhd":37:2:37:3|Boundary register L05.outwordlcdm_6_.fb (in view: work.toplcd00(toplcd0)) is packed into a complex cell. To disable register packing, set syn_keep=1 on the net between the register and the complex cell. 
@A: BN291 :"c:\users\elite\onedrive\escritorio\lcd02\lcdmux00.vhd":37:2:37:3|Boundary register L05.outwordlcdm_5_.fb (in view: work.toplcd00(toplcd0)) is packed into a complex cell. To disable register packing, set syn_keep=1 on the net between the register and the complex cell. 
@A: BN291 :"c:\users\elite\onedrive\escritorio\lcd02\lcdmux00.vhd":37:2:37:3|Boundary register L05.outwordlcdm_4_.fb (in view: work.toplcd00(toplcd0)) is packed into a complex cell. To disable register packing, set syn_keep=1 on the net between the register and the complex cell. 
@A: BN291 :"c:\users\elite\onedrive\escritorio\lcd02\lcdmux00.vhd":37:2:37:3|Boundary register L05.outwordlcdm_3_.fb (in view: work.toplcd00(toplcd0)) is packed into a complex cell. To disable register packing, set syn_keep=1 on the net between the register and the complex cell. 
@A: BN291 :"c:\users\elite\onedrive\escritorio\lcd02\lcdmux00.vhd":37:2:37:3|Boundary register L05.outwordlcdm_2_.fb (in view: work.toplcd00(toplcd0)) is packed into a complex cell. To disable register packing, set syn_keep=1 on the net between the register and the complex cell. 
@A: BN291 :"c:\users\elite\onedrive\escritorio\lcd02\lcdmux00.vhd":37:2:37:3|Boundary register L05.outwordlcdm_1_.fb (in view: work.toplcd00(toplcd0)) is packed into a complex cell. To disable register packing, set syn_keep=1 on the net between the register and the complex cell. 
@A: BN291 :"c:\users\elite\onedrive\escritorio\lcd02\lcdmux00.vhd":37:2:37:3|Boundary register L05.outwordlcdm_0_.fb (in view: work.toplcd00(toplcd0)) is packed into a complex cell. To disable register packing, set syn_keep=1 on the net between the register and the complex cell. 
@A: BN291 :"c:\users\elite\onedrive\escritorio\lcd02\lcdmux00.vhd":37:2:37:3|Boundary register L05.ENm.fb (in view: work.toplcd00(toplcd0)) is packed into a complex cell. To disable register packing, set syn_keep=1 on the net between the register and the complex cell. 
@A: BN291 :"c:\users\elite\onedrive\escritorio\lcd02\contring00.vhd":24:2:24:3|Boundary register L15.K01.outr_3_.fb (in view: work.toplcd00(toplcd0)) is packed into a complex cell. To disable register packing, set syn_keep=1 on the net between the register and the complex cell. 
@A: BN291 :"c:\users\elite\onedrive\escritorio\lcd02\contring00.vhd":24:2:24:3|Boundary register L15.K01.outr_2_.fb (in view: work.toplcd00(toplcd0)) is packed into a complex cell. To disable register packing, set syn_keep=1 on the net between the register and the complex cell. 
@A: BN291 :"c:\users\elite\onedrive\escritorio\lcd02\contring00.vhd":24:2:24:3|Boundary register L15.K01.outr_1_.fb (in view: work.toplcd00(toplcd0)) is packed into a complex cell. To disable register packing, set syn_keep=1 on the net between the register and the complex cell. 
@A: BN291 :"c:\users\elite\onedrive\escritorio\lcd02\contring00.vhd":24:2:24:3|Boundary register L15.K01.outr_0_.fb (in view: work.toplcd00(toplcd0)) is packed into a complex cell. To disable register packing, set syn_keep=1 on the net between the register and the complex cell. 
@A: BN291 :"c:\users\elite\onedrive\escritorio\lcd02\lcdconfig00.vhd":26:2:26:3|Boundary register L02.outFlagc.fb (in view: work.toplcd00(toplcd0)) is packed into a complex cell. To disable register packing, set syn_keep=1 on the net between the register and the complex cell. 

Finished restoring hierarchy (Real Time elapsed 0h:00m:02s; CPU Time elapsed 0h:00m:01s; Memory used current: 145MB peak: 147MB)

@N: MT611 :|Automatically generated clock div00|oscout_derived_clock is not used and is being removed


@S |Clock Optimization Summary


#### START OF CLOCK OPTIMIZATION REPORT #####[

0 non-gated/non-generated clock tree(s) driving 0 clock pin(s) of sequential element(s)
1 gated/generated clock tree(s) driving 66 clock pin(s) of sequential element(s)
0 instances converted, 66 sequential instances remain driven by gated/generated clocks

================================================================================================== Gated/Generated Clocks ==================================================================================================
Clock Tree ID     Driving Element       Drive Element Type     Fanout     Sample Instance     Explanation                                                                                                                   
----------------------------------------------------------------------------------------------------------------------------------------------------------------------------------------------------------------------------
@K:CKID0001       L00.OS00.OSCInst0     OSCH                   66         L05_ENmio           Gating structure creates improper gating logic. See the Gated Clocks description in the user guide for conversion requirements
============================================================================================================================================================================================================================


##### END OF CLOCK OPTIMIZATION REPORT ######]


Start Writing Netlists (Real Time elapsed 0h:00m:02s; CPU Time elapsed 0h:00m:01s; Memory used current: 111MB peak: 147MB)

Writing Analyst data base C:\Users\elite\OneDrive\Escritorio\lcd02\lcd2\synwork\lcd02_lcd2_m.srm

Finished Writing Netlist Databases (Real Time elapsed 0h:00m:02s; CPU Time elapsed 0h:00m:01s; Memory used current: 144MB peak: 147MB)

Writing EDIF Netlist and constraint files
@N: FX1056 |Writing EDF file: C:\Users\elite\OneDrive\Escritorio\lcd02\lcd2\lcd02_lcd2.edi
M-2017.03L-SP1-1
@N: BW106 |Synplicity Constraint File capacitance units using default value of 1pF 

Finished Writing EDIF Netlist and constraint files (Real Time elapsed 0h:00m:03s; CPU Time elapsed 0h:00m:02s; Memory used current: 148MB peak: 150MB)


Start final timing analysis (Real Time elapsed 0h:00m:03s; CPU Time elapsed 0h:00m:02s; Memory used current: 149MB peak: 150MB)

@W: MT420 |Found inferred clock osc00|osc_int_inferred_clock with period 480.77ns. Please declare a user-defined clock on object "n:L00.OS00.osc_int"


##### START OF TIMING REPORT #####[
# Timing Report written on Thu May  2 10:45:08 2019
#


Top view:               toplcd00
Requested Frequency:    2.1 MHz
Wire load mode:         top
Paths requested:        5
Constraint File(s):    
@N: MT320 |This timing report is an estimate of place and route data. For final timing results, use the FPGA vendor place and route report.

@N: MT322 |Clock constraints include only register-to-register paths associated with each individual clock.



Performance Summary
*******************


Worst slack in design: 471.148

                                 Requested     Estimated     Requested     Estimated                 Clock        Clock              
Starting Clock                   Frequency     Frequency     Period        Period        Slack       Type         Group              
-------------------------------------------------------------------------------------------------------------------------------------
osc00|osc_int_inferred_clock     2.1 MHz       103.9 MHz     480.769       9.621         471.148     inferred     Inferred_clkgroup_0
=====================================================================================================================================





Clock Relationships
*******************

Clocks                                                      |    rise  to  rise     |    fall  to  fall   |    rise  to  fall   |    fall  to  rise 
----------------------------------------------------------------------------------------------------------------------------------------------------
Starting                      Ending                        |  constraint  slack    |  constraint  slack  |  constraint  slack  |  constraint  slack
----------------------------------------------------------------------------------------------------------------------------------------------------
osc00|osc_int_inferred_clock  osc00|osc_int_inferred_clock  |  480.769     471.148  |  No paths    -      |  No paths    -      |  No paths    -    
====================================================================================================================================================
 Note: 'No paths' indicates there are no paths in the design for that pair of clock edges.
       'Diff grp' indicates that paths exist but the starting clock and ending clock are in different clock groups.



Interface Information 
*********************

No IO constraint found



====================================
Detailed Report for Clock: osc00|osc_int_inferred_clock
====================================



Starting Points with Worst Slack
********************************

                      Starting                                                          Arrival            
Instance              Reference                        Type        Pin     Net          Time        Slack  
                      Clock                                                                                
-----------------------------------------------------------------------------------------------------------
L00.OS01.sdiv[17]     osc00|osc_int_inferred_clock     FD1S3IX     Q       sdiv[17]     1.148       471.148
L00.OS01.sdiv[0]      osc00|osc_int_inferred_clock     FD1S3IX     Q       sdiv[0]      1.044       471.180
L00.OS01.sdiv[1]      osc00|osc_int_inferred_clock     FD1S3IX     Q       sdiv[1]      1.044       471.180
L00.OS01.sdiv[2]      osc00|osc_int_inferred_clock     FD1S3IX     Q       sdiv[2]      1.044       471.180
L00.OS01.sdiv[3]      osc00|osc_int_inferred_clock     FD1S3IX     Q       sdiv[3]      1.044       471.180
L00.OS01.sdiv[4]      osc00|osc_int_inferred_clock     FD1S3IX     Q       sdiv[4]      1.044       471.180
L00.OS01.sdiv[5]      osc00|osc_int_inferred_clock     FD1S3IX     Q       sdiv[5]      1.044       471.180
L00.OS01.sdiv[8]      osc00|osc_int_inferred_clock     FD1S3IX     Q       sdiv[8]      1.044       471.180
L00.OS01.sdiv[16]     osc00|osc_int_inferred_clock     FD1S3IX     Q       sdiv[16]     1.108       471.188
L00.OS01.sdiv[20]     osc00|osc_int_inferred_clock     FD1S3IX     Q       sdiv[20]     1.180       471.188
===========================================================================================================


Ending Points with Worst Slack
******************************

                      Starting                                                                            Required            
Instance              Reference                        Type        Pin     Net                            Time         Slack  
                      Clock                                                                                                   
------------------------------------------------------------------------------------------------------------------------------
L02.comandoc_1[0]     osc00|osc_int_inferred_clock     FD1P3AX     SP      un1_comandoc57_tz_RNINSNV1     480.298      471.148
L02.comandoc_1[1]     osc00|osc_int_inferred_clock     FD1P3AX     SP      un1_comandoc57_tz_RNINSNV1     480.298      471.148
L02.comandoc_1[2]     osc00|osc_int_inferred_clock     FD1P3AX     SP      un1_comandoc57_tz_RNINSNV1     480.298      471.148
L02.comandoc_1[3]     osc00|osc_int_inferred_clock     FD1P3AX     SP      un1_comandoc57_tz_RNINSNV1     480.298      471.148
L02.comandoc_1[4]     osc00|osc_int_inferred_clock     FD1P3AX     SP      un1_comandoc57_tz_RNINSNV1     480.298      471.148
L02.comandoc_1[5]     osc00|osc_int_inferred_clock     FD1P3AX     SP      un1_comandoc57_tz_RNINSNV1     480.298      471.148
L02.comandoc_1[7]     osc00|osc_int_inferred_clock     FD1S3IX     CD      comandoc_1_RNO[7]              479.966      471.433
L15.K01.soutr[3]      osc00|osc_int_inferred_clock     FD1S3JX     PD      fb                             479.966      471.433
L15.K02.ENcdc         osc00|osc_int_inferred_clock     FD1P3IX     SP      ENcdc_RNO                      480.298      471.764
L15.K02.aux1          osc00|osc_int_inferred_clock     FD1P3AX     SP      aux1_RNO                       480.298      471.764
==============================================================================================================================



Worst Path Information
***********************


Path information for path number 1: 
      Requested Period:                      480.769
    - Setup time:                            0.472
    + Clock delay at ending point:           0.000 (ideal)
    = Required time:                         480.298

    - Propagation time:                      9.149
    - Clock delay at starting point:         0.000 (ideal)
    = Slack (critical) :                     471.148

    Number of logic level(s):                7
    Starting point:                          L00.OS01.sdiv[17] / Q
    Ending point:                            L02.comandoc_1[0] / SP
    The start point is clocked by            osc00|osc_int_inferred_clock [rising] on pin CK
    The end   point is clocked by            osc00|osc_int_inferred_clock [rising] on pin CK

Instance / Net                                            Pin      Pin               Arrival     No. of    
Name                                         Type         Name     Dir     Delay     Time        Fan Out(s)
-----------------------------------------------------------------------------------------------------------
L00.OS01.sdiv[17]                            FD1S3IX      Q        Out     1.148     1.148       -         
sdiv[17]                                     Net          -        -       -         -           4         
L00.OS01.un1_oscout_0_sqmuxa_i_a3_1          ORCALUT4     B        In      0.000     1.148       -         
L00.OS01.un1_oscout_0_sqmuxa_i_a3_1          ORCALUT4     Z        Out     1.089     2.237       -         
un1_oscout_0_sqmuxa_i_a3_1                   Net          -        -       -         -           2         
L00.OS01.un1_oscout_0_sqmuxa_i_a14_2_3_2     ORCALUT4     C        In      0.000     2.237       -         
L00.OS01.un1_oscout_0_sqmuxa_i_a14_2_3_2     ORCALUT4     Z        Out     1.017     3.253       -         
un1_oscout_0_sqmuxa_i_a14_2_3_2              Net          -        -       -         -           1         
L00.OS01.un1_oscout_0_sqmuxa_i_6_RNO_0       ORCALUT4     A        In      0.000     3.253       -         
L00.OS01.un1_oscout_0_sqmuxa_i_6_RNO_0       ORCALUT4     Z        Out     1.017     4.270       -         
un1_oscout_0_sqmuxa_i_51_tz_0                Net          -        -       -         -           1         
L00.OS01.un1_oscout_0_sqmuxa_i_6_RNO         ORCALUT4     B        In      0.000     4.270       -         
L00.OS01.un1_oscout_0_sqmuxa_i_6_RNO         ORCALUT4     Z        Out     1.017     5.287       -         
N_355_tz                                     Net          -        -       -         -           1         
L00.OS01.un1_oscout_0_sqmuxa_i_6             ORCALUT4     D        In      0.000     5.287       -         
L00.OS01.un1_oscout_0_sqmuxa_i_6             ORCALUT4     Z        Out     1.273     6.560       -         
un1_oscout_0_sqmuxa_i_6                      Net          -        -       -         -           9         
L15.K02.G_16                                 ORCALUT4     B        In      0.000     6.560       -         
L15.K02.G_16                                 ORCALUT4     Z        Out     1.357     7.917       -         
G_16                                         Net          -        -       -         -           29        
L02.un1_comandoc57_tz_RNINSNV1               ORCALUT4     B        In      0.000     7.917       -         
L02.un1_comandoc57_tz_RNINSNV1               ORCALUT4     Z        Out     1.233     9.149       -         
un1_comandoc57_tz_RNINSNV1                   Net          -        -       -         -           6         
L02.comandoc_1[0]                            FD1P3AX      SP       In      0.000     9.149       -         
===========================================================================================================



##### END OF TIMING REPORT #####]

Timing exceptions that could not be applied
None

Finished final timing analysis (Real Time elapsed 0h:00m:03s; CPU Time elapsed 0h:00m:02s; Memory used current: 149MB peak: 150MB)


Finished timing report (Real Time elapsed 0h:00m:03s; CPU Time elapsed 0h:00m:02s; Memory used current: 149MB peak: 150MB)

---------------------------------------
Resource Usage Report
Part: lcmxo2_7000he-4

Register bits: 66 of 6864 (1%)
PIC Latch:       0
I/O cells:       43


Details:
CCU2D:          11
FD1P3AX:        20
FD1P3IX:        20
FD1S3AX:        1
FD1S3IX:        22
FD1S3JX:        1
GSR:            1
IB:             11
INV:            1
OB:             32
OFS1P3IX:       2
ORCALUT4:       109
OSCH:           1
PUR:            1
VHI:            10
VLO:            10
Mapper successful!

At Mapper Exit (Real Time elapsed 0h:00m:03s; CPU Time elapsed 0h:00m:02s; Memory used current: 31MB peak: 150MB)

Process took 0h:00m:03s realtime, 0h:00m:02s cputime
# Thu May  2 10:45:09 2019

###########################################################]


Synthesis exit by 0.

edif2ngd  -l "MachXO2" -d LCMXO2-7000HE -path "C:/Users/elite/OneDrive/Escritorio/lcd02/lcd2" -path "C:/Users/elite/OneDrive/Escritorio/lcd02"   "C:/Users/elite/OneDrive/Escritorio/lcd02/lcd2/lcd02_lcd2.edi" "lcd02_lcd2.ngo"   
edif2ngd:  version Diamond (64-bit) 3.10.0.111.2

Copyright (c) 1991-1994 by NeoCAD Inc. All rights reserved.
Copyright (c) 1995 AT&T Corp.   All rights reserved.
Copyright (c) 1995-2001 Lucent Technologies Inc.  All rights reserved.
Copyright (c) 2001 Agere Systems   All rights reserved.
Copyright (c) 2002-2017 Lattice Semiconductor Corporation,  All rights reserved.
Writing the design to lcd02_lcd2.ngo...

Total CPU Time: 0 secs  

Total REAL Time: 0 secs  


ngdbuild  -a "MachXO2" -d LCMXO2-7000HE  -p "C:/lscc/diamond/3.10_x64/ispfpga/xo2c00/data"  -p "C:/Users/elite/OneDrive/Escritorio/lcd02/lcd2" -p "C:/Users/elite/OneDrive/Escritorio/lcd02"  "lcd02_lcd2.ngo" "lcd02_lcd2.ngd"  	
ngdbuild:  version Diamond (64-bit) 3.10.0.111.2

Copyright (c) 1991-1994 by NeoCAD Inc. All rights reserved.
Copyright (c) 1995 AT&T Corp.   All rights reserved.
Copyright (c) 1995-2001 Lucent Technologies Inc.  All rights reserved.
Copyright (c) 2001 Agere Systems   All rights reserved.
Copyright (c) 2002-2017 Lattice Semiconductor Corporation,  All rights reserved.
Reading 'lcd02_lcd2.ngo' ...
Loading NGL library 'C:/lscc/diamond/3.10_x64/ispfpga/xo2c00a/data/xo2alib.ngl'...
Loading NGL library 'C:/lscc/diamond/3.10_x64/ispfpga/xo2c00/data/xo2clib.ngl'...
Loading NGL library 'C:/lscc/diamond/3.10_x64/ispfpga/mg5g00/data/mg5glib.ngl'...
Loading NGL library 'C:/lscc/diamond/3.10_x64/ispfpga/or5g00/data/orc5glib.ngl'...


Running DRC...

    <postMsg mid="1166052" type="Warning" dynamic="2" navigation="1" arg0="logical" arg1="L00/OS00/OSCInst0_SEDSTDBY" arg2="L00/OS00/OSCInst0_SEDSTDBY"  />
    <postMsg mid="1166052" type="Warning" dynamic="2" navigation="1" arg0="logical" arg1="outFlagcd0" arg2="outFlagcd0"  />
    <postMsg mid="1166052" type="Warning" dynamic="2" navigation="1" arg0="logical" arg1="outcontcd0[0]" arg2="outcontcd0[0]"  />
    <postMsg mid="1166052" type="Warning" dynamic="2" navigation="1" arg0="logical" arg1="outcontcd0[1]" arg2="outcontcd0[1]"  />
    <postMsg mid="1166052" type="Warning" dynamic="2" navigation="1" arg0="logical" arg1="outcontcd0[2]" arg2="outcontcd0[2]"  />
    <postMsg mid="1166052" type="Warning" dynamic="2" navigation="1" arg0="logical" arg1="outcontcd0[3]" arg2="outcontcd0[3]"  />
    <postMsg mid="1166052" type="Warning" dynamic="2" navigation="1" arg0="logical" arg1="outcontcd0[4]" arg2="outcontcd0[4]"  />
    <postMsg mid="1166052" type="Warning" dynamic="2" navigation="1" arg0="logical" arg1="outcontcd0[5]" arg2="outcontcd0[5]"  />
    <postMsg mid="1163101" type="Warning" dynamic="1" navigation="0" arg0="8"  />

Design Results:
    252 blocks expanded
Complete the first expansion.
Writing 'lcd02_lcd2.ngd' ...
Total CPU Time: 0 secs  

Total REAL Time: 0 secs  


map -a "MachXO2" -p LCMXO2-7000HE -t TQFP144 -s 4 -oc Commercial   "lcd02_lcd2.ngd" -o "lcd02_lcd2_map.ncd" -pr "lcd02_lcd2.prf" -mp "lcd02_lcd2.mrp" -lpf "C:/Users/elite/OneDrive/Escritorio/lcd02/lcd2/lcd02_lcd2_synplify.lpf" -lpf "C:/Users/elite/OneDrive/Escritorio/lcd02/lcd02.lpf" -c 0            
map:  version Diamond (64-bit) 3.10.0.111.2

Copyright (c) 1991-1994 by NeoCAD Inc. All rights reserved.
Copyright (c) 1995 AT&T Corp.   All rights reserved.
Copyright (c) 1995-2001 Lucent Technologies Inc.  All rights reserved.
Copyright (c) 2001 Agere Systems   All rights reserved.
Copyright (c) 2002-2017 Lattice Semiconductor Corporation,  All rights reserved.
   Process the file: lcd02_lcd2.ngd
   Picdevice="LCMXO2-7000HE"

   Pictype="TQFP144"

   Picspeed=4

   Remove unused logic

   Do not produce over sized NCDs.

Part used: LCMXO2-7000HETQFP144, Performance used: 4.

Loading device for application map from file 'xo2c7000.nph' in environment: C:/lscc/diamond/3.10_x64/ispfpga.
Package Status:                     Final          Version 1.39.

Running general design DRC...

Removing unused logic...

Optimizing...

    <postMsg mid="51001046" type="Warning" dynamic="1" navigation="0" arg0="outFlagcd0"  />
    <postMsg mid="51001046" type="Warning" dynamic="1" navigation="0" arg0="outcontcd0[5:0](5)"  />
    <postMsg mid="51001046" type="Warning" dynamic="1" navigation="0" arg0="outcontcd0[5:0](4)"  />
    <postMsg mid="51001046" type="Warning" dynamic="1" navigation="0" arg0="outcontcd0[5:0](3)"  />
    <postMsg mid="51001046" type="Warning" dynamic="1" navigation="0" arg0="outcontcd0[5:0](2)"  />
    <postMsg mid="51001046" type="Warning" dynamic="1" navigation="0" arg0="outcontcd0[5:0](1)"  />
    <postMsg mid="51001046" type="Warning" dynamic="1" navigation="0" arg0="outcontcd0[5:0](0)"  />



Design Summary:
   Number of registers:     66 out of  7209 (1%)
      PFU registers:           64 out of  6864 (1%)
      PIO registers:            2 out of   345 (1%)
   Number of SLICEs:        68 out of  3432 (2%)
      SLICEs as Logic/ROM:     68 out of  3432 (2%)
      SLICEs as RAM:            0 out of  2574 (0%)
      SLICEs as Carry:         11 out of  3432 (0%)
   Number of LUT4s:        133 out of  6864 (2%)
      Number used as logic LUTs:        111
      Number used as distributed RAM:     0
      Number used as ripple logic:       22
      Number used as shift registers:     0
   Number of PIO sites used: 43 + 4(JTAG) out of 115 (41%)
   Number of block RAMs:  0 out of 26 (0%)
   Number of GSRs:  0 out of 1 (0%)
   EFB used :       No
   JTAG used :      No
   Readback used :  No
   Oscillator used :  Yes
   Startup used :   No
   POR :            On
   Bandgap :        On
   Number of Power Controller:  0 out of 1 (0%)
   Number of Dynamic Bank Controller (BCINRD):  0 out of 6 (0%)
   Number of Dynamic Bank Controller (BCLVDSO):  0 out of 1 (0%)
   Number of DCCA:  0 out of 8 (0%)
   Number of DCMA:  0 out of 2 (0%)
   Number of PLLs:  0 out of 2 (0%)
   Number of DQSDLLs:  0 out of 2 (0%)
   Number of CLKDIVC:  0 out of 4 (0%)
   Number of ECLKSYNCA:  0 out of 4 (0%)
   Number of ECLKBRIDGECS:  0 out of 2 (0%)
   Notes:-
      1. Total number of LUT4s = (Number of logic LUT4s) + 2*(Number of distributed RAMs) + 2*(Number of ripple logic)
      2. Number of logic LUT4s does not include count of distributed RAM and ripple logic.
   Number of clocks:  1
     Net L00.sclk_0: 42 loads, 42 rising, 0 falling (Driver: L00/OS00/OSCInst0 )
   Number of Clock Enables:  10
     Net G_16: 13 loads, 11 LSLICEs
     Net L05/aux2_RNO_0: 1 loads, 1 LSLICEs
     Net ENc_cnv: 2 loads, 2 LSLICEs
     Net L15/K02/aux0_RNIJJCQ2: 4 loads, 4 LSLICEs
     Net L15/K02/aux3_RNO: 1 loads, 1 LSLICEs
     Net L15/K02/aux2_RNO: 1 loads, 1 LSLICEs
     Net L15/K02/aux1_RNO: 1 loads, 1 LSLICEs
     Net L15/K02/ENcdc_RNO: 1 loads, 1 LSLICEs
     Net L02/outFlagc_RNO: 1 loads, 1 LSLICEs
     Net L02/un1_comandoc57_tz_RNINSNV1: 3 loads, 3 LSLICEs
   Number of LSRs:  5
     Net G_18: 13 loads, 11 LSLICEs
     Net L15/K02/ENcdc_RNO_0: 1 loads, 1 LSLICEs
     Net L15/K01/fb: 1 loads, 1 LSLICEs
     Net L02/comandoc_1_RNO[7]: 1 loads, 1 LSLICEs
     Net L00/OS01/N_6_i: 11 loads, 11 LSLICEs
   Number of nets driven by tri-state buffers:  0
   Top 10 highest fanout non-clock nets:
     Net G_16: 21 loads
     Net outFlagc0_c: 19 loads
     Net outr0_c[3]: 16 loads
     Net G_18: 14 loads
     Net outcc0_c[1]: 13 loads
     Net outcc0_c[2]: 12 loads
     Net outcc0_c[3]: 12 loads
     Net outr0_c[1]: 12 loads
     Net reset0_c: 12 loads
     Net L05/aux2: 11 loads
 

   Number of warnings:  7
   Number of errors:    0



Total CPU Time: 1 secs  
Total REAL Time: 0 secs  
Peak Memory Usage: 58 MB

Dumping design to file lcd02_lcd2_map.ncd.

mpartrce -p "lcd02_lcd2.p2t" -f "lcd02_lcd2.p3t" -tf "lcd02_lcd2.pt" "lcd02_lcd2_map.ncd" "lcd02_lcd2.ncd"

---- MParTrce Tool ----
Removing old design directory at request of -rem command line option to this program.
Running par. Please wait . . .

Lattice Place and Route Report for Design "lcd02_lcd2_map.ncd"
Thu May 02 10:45:14 2019

PAR: Place And Route Diamond (64-bit) 3.10.0.111.2.
Command Line: par -w -l 5 -i 6 -t 1 -c 0 -e 0 -gui -msgset C:/Users/elite/OneDrive/Escritorio/lcd02/promote.xml -exp parUseNBR=1:parCDP=0:parCDR=0:parPathBased=OFF lcd02_lcd2_map.ncd lcd02_lcd2.dir/5_1.ncd lcd02_lcd2.prf
Preference file: lcd02_lcd2.prf.
Placement level-cost: 5-1.
Routing Iterations: 6

Loading design for application par from file lcd02_lcd2_map.ncd.
Design name: toplcd00
NCD version: 3.3
Vendor:      LATTICE
Device:      LCMXO2-7000HE
Package:     TQFP144
Performance: 4
Loading device for application par from file 'xo2c7000.nph' in environment: C:/lscc/diamond/3.10_x64/ispfpga.
Package Status:                     Final          Version 1.39.
Performance Hardware Data Status:   Final          Version 34.4.
License checked out.


Ignore Preference Error(s):  True
Device utilization summary:

   PIO (prelim)   43+4(JTAG)/336     14% used
                  43+4(JTAG)/115     41% bonded
   IOLOGIC            2/336          <1% used

   SLICE             68/3432          1% used

   OSC                1/1           100% used


Number of Signals: 220
Number of Connections: 611

Pin Constraint Summary:
   35 out of 43 pins locked (81% locked).

The following 1 signal is selected to use the primary clock routing resources:
    L00.sclk_0 (driver: L00/OS00/OSCInst0, clk load #: 42)


The following 3 signals are selected to use the secondary clock routing resources:
    G_16 (driver: L15/K02/SLICE_47, clk load #: 0, sr load #: 0, ce load #: 13)
    G_18 (driver: SLICE_13, clk load #: 0, sr load #: 13, ce load #: 0)
    L00/OS01/N_6_i (driver: L00/OS01/SLICE_18, clk load #: 0, sr load #: 11, ce load #: 0)

No signal is selected as Global Set/Reset.
.
Starting Placer Phase 0.
.............
Finished Placer Phase 0.  REAL time: 3 secs 

Starting Placer Phase 1.
...................
Placer score = 56081.
Finished Placer Phase 1.  REAL time: 10 secs 

Starting Placer Phase 2.
.
Placer score =  56048
Finished Placer Phase 2.  REAL time: 10 secs 


------------------ Clock Report ------------------

Global Clock Resources:
  CLK_PIN    : 0 out of 8 (0%)
  PLL        : 0 out of 2 (0%)
  DCM        : 0 out of 2 (0%)
  DCC        : 0 out of 8 (0%)

Quadrants All (TL, TR, BL, BR) - Global Clocks:
  PRIMARY "L00.sclk_0" from OSC on comp "L00/OS00/OSCInst0" on site "OSC", clk load = 42
  SECONDARY "G_16" from F1 on comp "L15/K02/SLICE_47" on site "R14C20C", clk load = 0, ce load = 13, sr load = 0
  SECONDARY "G_18" from F0 on comp "SLICE_13" on site "R14C20D", clk load = 0, ce load = 0, sr load = 13
  SECONDARY "L00/OS01/N_6_i" from F1 on comp "L00/OS01/SLICE_18" on site "R14C18D", clk load = 0, ce load = 0, sr load = 11

  PRIMARY  : 1 out of 8 (12%)
  SECONDARY: 3 out of 8 (37%)

Edge Clocks:
  No edge clock selected.

--------------- End of Clock Report ---------------


I/O Usage Summary (final):
   43 + 4(JTAG) out of 336 (14.0%) PIO sites used.
   43 + 4(JTAG) out of 115 (40.9%) bonded PIO sites used.
   Number of PIO comps: 43; differential: 0.
   Number of Vref pins used: 0.

I/O Bank Usage Summary:
+----------+----------------+------------+-----------+
| I/O Bank | Usage          | Bank Vccio | Bank Vref |
+----------+----------------+------------+-----------+
| 0        | 19 / 28 ( 67%) | 2.5V       | -         |
| 1        | 8 / 29 ( 27%)  | 2.5V       | -         |
| 2        | 9 / 29 ( 31%)  | 2.5V       | -         |
| 3        | 0 / 9 (  0%)   | -          | -         |
| 4        | 2 / 10 ( 20%)  | 2.5V       | -         |
| 5        | 5 / 10 ( 50%)  | 2.5V       | -         |
+----------+----------------+------------+-----------+

Total placer CPU time: 9 secs 

Dumping design to file lcd02_lcd2.dir/5_1.ncd.

0 connections routed; 611 unrouted.
Starting router resource preassignment

Completed router resource preassignment. Real time: 14 secs 

Start NBR router at 10:45:28 05/02/19

*****************************************************************
Info: NBR allows conflicts(one node used by more than one signal)
      in the earlier iterations. In each iteration, it tries to  
      solve the conflicts while keeping the critical connections 
      routed as short as possible. The routing process is said to
      be completed when no conflicts exist and all connections   
      are routed.                                                
Note: NBR uses a different method to calculate timing slacks. The
      worst slack and total negative slack may not be the same as
      that in TRCE report. You should always run TRCE to verify  
      your design.                                               
*****************************************************************

Start NBR special constraint process at 10:45:28 05/02/19

Start NBR section for initial routing at 10:45:28 05/02/19
Level 4, iteration 1
10(0.00%) conflicts; 0(0.00%) untouched conn; 0 (nbr) score; 
Estimated worst slack/total negative slack<setup>: 464.972ns/0.000ns; real time: 14 secs 

Info: Initial congestion level at 75% usage is 0
Info: Initial congestion area  at 75% usage is 0 (0.00%)

Start NBR section for normal routing at 10:45:28 05/02/19
Level 4, iteration 1
5(0.00%) conflicts; 0(0.00%) untouched conn; 0 (nbr) score; 
Estimated worst slack/total negative slack<setup>: 464.984ns/0.000ns; real time: 14 secs 
Level 4, iteration 2
2(0.00%) conflicts; 0(0.00%) untouched conn; 0 (nbr) score; 
Estimated worst slack/total negative slack<setup>: 464.984ns/0.000ns; real time: 14 secs 
Level 4, iteration 3
0(0.00%) conflict; 0(0.00%) untouched conn; 0 (nbr) score; 
Estimated worst slack/total negative slack<setup>: 464.984ns/0.000ns; real time: 14 secs 

Start NBR section for setup/hold timing optimization with effort level 3 at 10:45:28 05/02/19

Start NBR section for re-routing at 10:45:29 05/02/19
Level 4, iteration 1
0(0.00%) conflict; 0(0.00%) untouched conn; 0 (nbr) score; 
Estimated worst slack/total negative slack<setup>: 464.984ns/0.000ns; real time: 15 secs 

Start NBR section for post-routing at 10:45:29 05/02/19

End NBR router with 0 unrouted connection

NBR Summary
-----------
  Number of unrouted connections : 0 (0.00%)
  Number of connections with timing violations : 0 (0.00%)
  Estimated worst slack<setup> : 464.984ns
  Timing score<setup> : 0
-----------
Notes: The timing info is calculated for SETUP only and all PAR_ADJs are ignored.



Total CPU time 14 secs 
Total REAL time: 15 secs 
Completely routed.
End of route.  611 routed (100.00%); 0 unrouted.

Hold time timing score: 0, hold timing errors: 0

Timing score: 0 

Dumping design to file lcd02_lcd2.dir/5_1.ncd.


PAR_SUMMARY::Run status = Success
PAR_SUMMARY::Number of unrouted conns = 0
PAR_SUMMARY::Worst  slack<setup/<ns>> = 464.984
PAR_SUMMARY::Timing score<setup/<ns>> = 0.000
PAR_SUMMARY::Worst  slack<hold /<ns>> = 0.306
PAR_SUMMARY::Timing score<hold /<ns>> = 0.000
PAR_SUMMARY::Number of errors = 0

Total CPU  time to completion: 14 secs 
Total REAL time to completion: 16 secs 

par done!

Copyright (c) 1991-1994 by NeoCAD Inc. All rights reserved.
Copyright (c) 1995 AT&T Corp.   All rights reserved.
Copyright (c) 1995-2001 Lucent Technologies Inc.  All rights reserved.
Copyright (c) 2001 Agere Systems   All rights reserved.
Copyright (c) 2002-2017 Lattice Semiconductor Corporation,  All rights reserved.
Exiting par with exit code 0
Exiting mpartrce with exit code 0

bitgen -f "lcd02_lcd2.t2b" -w "lcd02_lcd2.ncd" -jedec "lcd02_lcd2.prf"


BITGEN: Bitstream Generator Diamond (64-bit) 3.10.0.111.2
Copyright (c) 1991-1994 by NeoCAD Inc. All rights reserved.
Copyright (c) 1995 AT&T Corp.   All rights reserved.
Copyright (c) 1995-2001 Lucent Technologies Inc.  All rights reserved.
Copyright (c) 2001 Agere Systems   All rights reserved.
Copyright (c) 2002-2017 Lattice Semiconductor Corporation,  All rights reserved.


Loading design for application Bitgen from file lcd02_lcd2.ncd.
Design name: toplcd00
NCD version: 3.3
Vendor:      LATTICE
Device:      LCMXO2-7000HE
Package:     TQFP144
Performance: 4
Loading device for application Bitgen from file 'xo2c7000.nph' in environment: C:/lscc/diamond/3.10_x64/ispfpga.
Package Status:                     Final          Version 1.39.
Performance Hardware Data Status:   Final          Version 34.4.

Running DRC.
DRC detected 0 errors and 0 warnings.
Reading Preference File from lcd02_lcd2.prf.

Preference Summary:
+---------------------------------+---------------------------------+
|  Preference                     |  Current Setting                |
+---------------------------------+---------------------------------+
|                         RamCfg  |                        Reset**  |
+---------------------------------+---------------------------------+
|                     MCCLK_FREQ  |                         2.08**  |
+---------------------------------+---------------------------------+
|                  CONFIG_SECURE  |                          OFF**  |
+---------------------------------+---------------------------------+
|                          INBUF  |                           ON**  |
+---------------------------------+---------------------------------+
|                      JTAG_PORT  |                       ENABLE**  |
+---------------------------------+---------------------------------+
|                       SDM_PORT  |                      DISABLE**  |
+---------------------------------+---------------------------------+
|                 SLAVE_SPI_PORT  |                      DISABLE**  |
+---------------------------------+---------------------------------+
|                MASTER_SPI_PORT  |                      DISABLE**  |
+---------------------------------+---------------------------------+
|                       I2C_PORT  |                      DISABLE**  |
+---------------------------------+---------------------------------+
|        MUX_CONFIGURATION_PORTS  |                      DISABLE**  |
+---------------------------------+---------------------------------+
|                  CONFIGURATION  |                          CFG**  |
+---------------------------------+---------------------------------+
|                COMPRESS_CONFIG  |                           ON**  |
+---------------------------------+---------------------------------+
|                        MY_ASSP  |                          OFF**  |
+---------------------------------+---------------------------------+
|               ONE_TIME_PROGRAM  |                          OFF**  |
+---------------------------------+---------------------------------+
|                 ENABLE_TRANSFR  |                      DISABLE**  |
+---------------------------------+---------------------------------+
|                  SHAREDEBRINIT  |                      DISABLE**  |
+---------------------------------+---------------------------------+
|            BACKGROUND_RECONFIG  |                          OFF**  |
+---------------------------------+---------------------------------+
 *  Default setting.
 ** The specified setting matches the default setting.


Creating bit map...
 
Bitstream Status: Final           Version 1.94.
 
Saving bit stream in "lcd02_lcd2.jed".
 
===========
UFM Summary.
===========
UFM Size:        2046 Pages (128*2046 Bits).
UFM Utilization: General Purpose Flash Memory.
 
Available General Purpose Flash Memory: 2046 Pages (Page 0 to Page 2045).
Initialized UFM Pages:                     0 Page.
 
